[2025-04-13T07:04:55.098+0000] {taskinstance.py:1157} INFO - Dependencies all met for dep_context=non-requeueable deps ti=<TaskInstance: dbt_transform.dbt_run manual__2025-04-13T06:59:12+00:00 [queued]>
[2025-04-13T07:04:55.108+0000] {taskinstance.py:1157} INFO - Dependencies all met for dep_context=requeueable deps ti=<TaskInstance: dbt_transform.dbt_run manual__2025-04-13T06:59:12+00:00 [queued]>
[2025-04-13T07:04:55.109+0000] {taskinstance.py:1359} INFO - Starting attempt 2 of 2
[2025-04-13T07:04:55.125+0000] {taskinstance.py:1380} INFO - Executing <Task(DockerOperator): dbt_run> on 2025-04-13 06:59:12+00:00
[2025-04-13T07:04:55.130+0000] {standard_task_runner.py:57} INFO - Started process 174 to run task
[2025-04-13T07:04:55.133+0000] {standard_task_runner.py:84} INFO - Running: ['***', 'tasks', 'run', 'dbt_transform', 'dbt_run', 'manual__2025-04-13T06:59:12+00:00', '--job-id', '20', '--raw', '--subdir', 'DAGS_FOLDER/dbt_dag.py', '--cfg-path', '/tmp/tmpsc_xjhqo']
[2025-04-13T07:04:55.137+0000] {standard_task_runner.py:85} INFO - Job 20: Subtask dbt_run
[2025-04-13T07:04:55.196+0000] {task_command.py:415} INFO - Running <TaskInstance: dbt_transform.dbt_run manual__2025-04-13T06:59:12+00:00 [running]> on host 8fd10b18ef56
[2025-04-13T07:04:55.279+0000] {taskinstance.py:1660} INFO - Exporting env vars: AIRFLOW_CTX_DAG_OWNER='***' AIRFLOW_CTX_DAG_ID='dbt_transform' AIRFLOW_CTX_TASK_ID='dbt_run' AIRFLOW_CTX_EXECUTION_DATE='2025-04-13T06:59:12+00:00' AIRFLOW_CTX_TRY_NUMBER='2' AIRFLOW_CTX_DAG_RUN_ID='manual__2025-04-13T06:59:12+00:00'
[2025-04-13T07:04:55.304+0000] {docker.py:333} INFO - Starting docker container from image dbt_***_project-dbt
[2025-04-13T07:04:57.533+0000] {docker.py:402} INFO - [0m07:04:57  Running with dbt=1.8.7
[2025-04-13T07:04:57.546+0000] {docker.py:402} INFO - [0m07:04:57  Encountered an error:
Runtime Error
  Could not find profile named 'default'
[2025-04-13T07:04:59.065+0000] {taskinstance.py:1935} ERROR - Task failed with exception
Traceback (most recent call last):
  File "/home/airflow/.local/lib/python3.9/site-packages/airflow/providers/docker/operators/docker.py", line 476, in execute
    return self._run_image()
  File "/home/airflow/.local/lib/python3.9/site-packages/airflow/providers/docker/operators/docker.py", line 350, in _run_image
    return self._run_image_with_mounts(self.mounts, add_tmp_variable=False)
  File "/home/airflow/.local/lib/python3.9/site-packages/airflow/providers/docker/operators/docker.py", line 411, in _run_image_with_mounts
    raise AirflowException(f"Docker container failed: {result!r} lines {joined_log_lines}")
airflow.exceptions.AirflowException: Docker container failed: {'StatusCode': 2} lines [0m07:04:57  Running with dbt=1.8.7
[0m07:04:57  Encountered an error:
Runtime Error
  Could not find profile named 'default'
[2025-04-13T07:04:59.069+0000] {taskinstance.py:1398} INFO - Marking task as FAILED. dag_id=dbt_transform, task_id=dbt_run, execution_date=20250413T065912, start_date=20250413T070455, end_date=20250413T070459
[2025-04-13T07:04:59.085+0000] {standard_task_runner.py:104} ERROR - Failed to execute job 20 for task dbt_run (Docker container failed: {'StatusCode': 2} lines [0m07:04:57  Running with dbt=1.8.7
[0m07:04:57  Encountered an error:
Runtime Error
  Could not find profile named 'default'; 174)
[2025-04-13T07:04:59.118+0000] {local_task_job_runner.py:228} INFO - Task exited with return code 1
[2025-04-13T07:04:59.138+0000] {taskinstance.py:2776} INFO - 0 downstream tasks scheduled from follow-on schedule check
