[2025-04-13T06:59:13.301+0000] {taskinstance.py:1157} INFO - Dependencies all met for dep_context=non-requeueable deps ti=<TaskInstance: dbt_transform.dbt_run manual__2025-04-13T06:59:12+00:00 [queued]>
[2025-04-13T06:59:13.310+0000] {taskinstance.py:1157} INFO - Dependencies all met for dep_context=requeueable deps ti=<TaskInstance: dbt_transform.dbt_run manual__2025-04-13T06:59:12+00:00 [queued]>
[2025-04-13T06:59:13.310+0000] {taskinstance.py:1359} INFO - Starting attempt 1 of 2
[2025-04-13T06:59:13.324+0000] {taskinstance.py:1380} INFO - Executing <Task(DockerOperator): dbt_run> on 2025-04-13 06:59:12+00:00
[2025-04-13T06:59:13.328+0000] {standard_task_runner.py:57} INFO - Started process 188 to run task
[2025-04-13T06:59:13.331+0000] {standard_task_runner.py:84} INFO - Running: ['***', 'tasks', 'run', 'dbt_transform', 'dbt_run', 'manual__2025-04-13T06:59:12+00:00', '--job-id', '18', '--raw', '--subdir', 'DAGS_FOLDER/dbt_dag.py', '--cfg-path', '/tmp/tmp4sup54cx']
[2025-04-13T06:59:13.333+0000] {standard_task_runner.py:85} INFO - Job 18: Subtask dbt_run
[2025-04-13T06:59:13.377+0000] {task_command.py:415} INFO - Running <TaskInstance: dbt_transform.dbt_run manual__2025-04-13T06:59:12+00:00 [running]> on host a38f734cb68e
[2025-04-13T06:59:13.443+0000] {taskinstance.py:1660} INFO - Exporting env vars: AIRFLOW_CTX_DAG_OWNER='***' AIRFLOW_CTX_DAG_ID='dbt_transform' AIRFLOW_CTX_TASK_ID='dbt_run' AIRFLOW_CTX_EXECUTION_DATE='2025-04-13T06:59:12+00:00' AIRFLOW_CTX_TRY_NUMBER='1' AIRFLOW_CTX_DAG_RUN_ID='manual__2025-04-13T06:59:12+00:00'
[2025-04-13T06:59:13.467+0000] {docker.py:333} INFO - Starting docker container from image dbt_***_project-dbt
[2025-04-13T06:59:15.166+0000] {docker.py:402} INFO - [0m06:59:15  Running with dbt=1.8.7
[2025-04-13T06:59:15.522+0000] {docker.py:402} INFO - [0m06:59:15  Registered adapter: sqlserver=1.8.7
[2025-04-13T06:59:15.859+0000] {docker.py:402} INFO - [0m06:59:15  [[33mWARNING[0m]: Configuration paths exist in your dbt_project.yml file which do not apply to any resources.
There are 2 unused configuration paths:
- models.dbt_sqlserver_project.intermediate
- models.dbt_sqlserver_project.marts
[2025-04-13T06:59:16.120+0000] {docker.py:402} INFO - [0m06:59:16  Found 2 models, 2 data tests, 1 source, 500 macros
[2025-04-13T06:59:16.123+0000] {docker.py:402} INFO - [0m06:59:16
[2025-04-13T06:59:16.256+0000] {docker.py:402} INFO - [0m06:59:16  Concurrency: 1 threads (target='dev')
[2025-04-13T06:59:16.257+0000] {docker.py:402} INFO - [0m06:59:16
[2025-04-13T06:59:16.265+0000] {docker.py:402} INFO - [0m06:59:16  1 of 2 START sql view model dbo.stg_customers .................................. [RUN]
[2025-04-13T06:59:16.351+0000] {docker.py:402} INFO - [0m06:59:16  [31mUnhandled error while executing target/run/dbt_sqlserver_project/models/staging/stg_customers.sql[0m
('42S02', "[42S02] [Microsoft][ODBC Driver 17 for SQL Server][SQL Server]Invalid object name 'AdventureWorks2014.dbo.Customer'. (208) (SQLMoreResults)")
[2025-04-13T06:59:16.356+0000] {docker.py:402} INFO - [0m06:59:16  1 of 2 ERROR creating sql view model dbo.stg_customers ......................... [[31mERROR[0m in 0.09s]
[2025-04-13T06:59:16.359+0000] {docker.py:402} INFO - [0m06:59:16  2 of 2 START sql view model dbo.stg_example .................................... [RUN]
[2025-04-13T06:59:16.400+0000] {docker.py:402} INFO - [0m06:59:16  [31mUnhandled error while executing target/run/dbt_sqlserver_project/models/staging/stg_example.sql[0m
('42S02', "[42S02] [Microsoft][ODBC Driver 17 for SQL Server][SQL Server]Invalid object name 'AdventureWorks2014.dbo.Customer'. (208) (SQLMoreResults)")
[2025-04-13T06:59:16.402+0000] {docker.py:402} INFO - [0m06:59:16  2 of 2 ERROR creating sql view model dbo.stg_example ........................... [[31mERROR[0m in 0.04s]
[2025-04-13T06:59:16.407+0000] {docker.py:402} INFO - [0m06:59:16
[2025-04-13T06:59:16.408+0000] {docker.py:402} INFO - [0m06:59:16  Finished running 2 view models in 0 hours 0 minutes and 0.28 seconds (0.28s).
[2025-04-13T06:59:16.465+0000] {docker.py:402} INFO - [0m06:59:16
[2025-04-13T06:59:16.466+0000] {docker.py:402} INFO - [0m06:59:16  [31mCompleted with 2 errors and 0 warnings:[0m
[2025-04-13T06:59:16.466+0000] {docker.py:402} INFO - [0m06:59:16
[2025-04-13T06:59:16.467+0000] {docker.py:402} INFO - [0m06:59:16    ('42S02', "[42S02] [Microsoft][ODBC Driver 17 for SQL Server][SQL Server]Invalid object name 'AdventureWorks2014.dbo.Customer'. (208) (SQLMoreResults)")
[2025-04-13T06:59:16.468+0000] {docker.py:402} INFO - [0m06:59:16
[2025-04-13T06:59:16.469+0000] {docker.py:402} INFO - [0m06:59:16    ('42S02', "[42S02] [Microsoft][ODBC Driver 17 for SQL Server][SQL Server]Invalid object name 'AdventureWorks2014.dbo.Customer'. (208) (SQLMoreResults)")
[2025-04-13T06:59:16.470+0000] {docker.py:402} INFO - [0m06:59:16
[2025-04-13T06:59:16.471+0000] {docker.py:402} INFO - [0m06:59:16  Done. PASS=0 WARN=0 ERROR=2 SKIP=0 TOTAL=2
[2025-04-13T06:59:18.153+0000] {taskinstance.py:1935} ERROR - Task failed with exception
Traceback (most recent call last):
  File "/home/airflow/.local/lib/python3.9/site-packages/airflow/providers/docker/operators/docker.py", line 476, in execute
    return self._run_image()
  File "/home/airflow/.local/lib/python3.9/site-packages/airflow/providers/docker/operators/docker.py", line 350, in _run_image
    return self._run_image_with_mounts(self.mounts, add_tmp_variable=False)
  File "/home/airflow/.local/lib/python3.9/site-packages/airflow/providers/docker/operators/docker.py", line 411, in _run_image_with_mounts
    raise AirflowException(f"Docker container failed: {result!r} lines {joined_log_lines}")
airflow.exceptions.AirflowException: Docker container failed: {'StatusCode': 1} lines [0m06:59:15  Running with dbt=1.8.7
[0m06:59:15  Registered adapter: sqlserver=1.8.7
[0m06:59:15  [[33mWARNING[0m]: Configuration paths exist in your dbt_project.yml file which do not apply to any resources.
There are 2 unused configuration paths:
- models.dbt_sqlserver_project.intermediate
- models.dbt_sqlserver_project.marts
[0m06:59:16  Found 2 models, 2 data tests, 1 source, 500 macros
[0m06:59:16
[0m06:59:16  Concurrency: 1 threads (target='dev')
[0m06:59:16
[0m06:59:16  1 of 2 START sql view model dbo.stg_customers .................................. [RUN]
[0m06:59:16  [31mUnhandled error while executing target/run/dbt_sqlserver_project/models/staging/stg_customers.sql[0m
('42S02', "[42S02] [Microsoft][ODBC Driver 17 for SQL Server][SQL Server]Invalid object name 'AdventureWorks2014.dbo.Customer'. (208) (SQLMoreResults)")
[0m06:59:16  1 of 2 ERROR creating sql view model dbo.stg_customers ......................... [[31mERROR[0m in 0.09s]
[0m06:59:16  2 of 2 START sql view model dbo.stg_example .................................... [RUN]
[0m06:59:16  [31mUnhandled error while executing target/run/dbt_sqlserver_project/models/staging/stg_example.sql[0m
('42S02', "[42S02] [Microsoft][ODBC Driver 17 for SQL Server][SQL Server]Invalid object name 'AdventureWorks2014.dbo.Customer'. (208) (SQLMoreResults)")
[0m06:59:16  2 of 2 ERROR creating sql view model dbo.stg_example ........................... [[31mERROR[0m in 0.04s]
[0m06:59:16
[0m06:59:16  Finished running 2 view models in 0 hours 0 minutes and 0.28 seconds (0.28s).
[0m06:59:16
[0m06:59:16  [31mCompleted with 2 errors and 0 warnings:[0m
[0m06:59:16
[0m06:59:16    ('42S02', "[42S02] [Microsoft][ODBC Driver 17 for SQL Server][SQL Server]Invalid object name 'AdventureWorks2014.dbo.Customer'. (208) (SQLMoreResults)")
[0m06:59:16
[0m06:59:16    ('42S02', "[42S02] [Microsoft][ODBC Driver 17 for SQL Server][SQL Server]Invalid object name 'AdventureWorks2014.dbo.Customer'. (208) (SQLMoreResults)")
[0m06:59:16
[0m06:59:16  Done. PASS=0 WARN=0 ERROR=2 SKIP=0 TOTAL=2
[2025-04-13T06:59:18.157+0000] {taskinstance.py:1398} INFO - Marking task as UP_FOR_RETRY. dag_id=dbt_transform, task_id=dbt_run, execution_date=20250413T065912, start_date=20250413T065913, end_date=20250413T065918
[2025-04-13T06:59:18.171+0000] {standard_task_runner.py:104} ERROR - Failed to execute job 18 for task dbt_run (Docker container failed: {'StatusCode': 1} lines [0m06:59:15  Running with dbt=1.8.7
[0m06:59:15  Registered adapter: sqlserver=1.8.7
[0m06:59:15  [[33mWARNING[0m]: Configuration paths exist in your dbt_project.yml file which do not apply to any resources.
There are 2 unused configuration paths:
- models.dbt_sqlserver_project.intermediate
- models.dbt_sqlserver_project.marts
[0m06:59:16  Found 2 models, 2 data tests, 1 source, 500 macros
[0m06:59:16
[0m06:59:16  Concurrency: 1 threads (target='dev')
[0m06:59:16
[0m06:59:16  1 of 2 START sql view model dbo.stg_customers .................................. [RUN]
[0m06:59:16  [31mUnhandled error while executing target/run/dbt_sqlserver_project/models/staging/stg_customers.sql[0m
('42S02', "[42S02] [Microsoft][ODBC Driver 17 for SQL Server][SQL Server]Invalid object name 'AdventureWorks2014.dbo.Customer'. (208) (SQLMoreResults)")
[0m06:59:16  1 of 2 ERROR creating sql view model dbo.stg_customers ......................... [[31mERROR[0m in 0.09s]
[0m06:59:16  2 of 2 START sql view model dbo.stg_example .................................... [RUN]
[0m06:59:16  [31mUnhandled error while executing target/run/dbt_sqlserver_project/models/staging/stg_example.sql[0m
('42S02', "[42S02] [Microsoft][ODBC Driver 17 for SQL Server][SQL Server]Invalid object name 'AdventureWorks2014.dbo.Customer'. (208) (SQLMoreResults)")
[0m06:59:16  2 of 2 ERROR creating sql view model dbo.stg_example ........................... [[31mERROR[0m in 0.04s]
[0m06:59:16
[0m06:59:16  Finished running 2 view models in 0 hours 0 minutes and 0.28 seconds (0.28s).
[0m06:59:16
[0m06:59:16  [31mCompleted with 2 errors and 0 warnings:[0m
[0m06:59:16
[0m06:59:16    ('42S02', "[42S02] [Microsoft][ODBC Driver 17 for SQL Server][SQL Server]Invalid object name 'AdventureWorks2014.dbo.Customer'. (208) (SQLMoreResults)")
[0m06:59:16
[0m06:59:16    ('42S02', "[42S02] [Microsoft][ODBC Driver 17 for SQL Server][SQL Server]Invalid object name 'AdventureWorks2014.dbo.Customer'. (208) (SQLMoreResults)")
[0m06:59:16
[0m06:59:16  Done. PASS=0 WARN=0 ERROR=2 SKIP=0 TOTAL=2; 188)
[2025-04-13T06:59:18.197+0000] {local_task_job_runner.py:228} INFO - Task exited with return code 1
[2025-04-13T06:59:18.220+0000] {taskinstance.py:2776} INFO - 0 downstream tasks scheduled from follow-on schedule check
