[2025-11-06T14:55:09.539+0000] {taskinstance.py:1157} INFO - Dependencies all met for dep_context=non-requeueable deps ti=<TaskInstance: dbt_transform.dbt_run manual__2025-11-06T14:55:08.519724+00:00 [queued]>
[2025-11-06T14:55:09.546+0000] {taskinstance.py:1157} INFO - Dependencies all met for dep_context=requeueable deps ti=<TaskInstance: dbt_transform.dbt_run manual__2025-11-06T14:55:08.519724+00:00 [queued]>
[2025-11-06T14:55:09.547+0000] {taskinstance.py:1359} INFO - Starting attempt 1 of 2
[2025-11-06T14:55:09.559+0000] {taskinstance.py:1380} INFO - Executing <Task(DockerOperator): dbt_run> on 2025-11-06 14:55:08.519724+00:00
[2025-11-06T14:55:09.564+0000] {standard_task_runner.py:57} INFO - Started process 274 to run task
[2025-11-06T14:55:09.567+0000] {standard_task_runner.py:84} INFO - Running: ['***', 'tasks', 'run', 'dbt_transform', 'dbt_run', 'manual__2025-11-06T14:55:08.519724+00:00', '--job-id', '10', '--raw', '--subdir', 'DAGS_FOLDER/dbt_dag.py', '--cfg-path', '/tmp/tmpvsb7f76d']
[2025-11-06T14:55:09.570+0000] {standard_task_runner.py:85} INFO - Job 10: Subtask dbt_run
[2025-11-06T14:55:09.621+0000] {task_command.py:415} INFO - Running <TaskInstance: dbt_transform.dbt_run manual__2025-11-06T14:55:08.519724+00:00 [running]> on host a9b12bd32d5c
[2025-11-06T14:55:09.691+0000] {taskinstance.py:1660} INFO - Exporting env vars: AIRFLOW_CTX_DAG_OWNER='***' AIRFLOW_CTX_DAG_ID='dbt_transform' AIRFLOW_CTX_TASK_ID='dbt_run' AIRFLOW_CTX_EXECUTION_DATE='2025-11-06T14:55:08.519724+00:00' AIRFLOW_CTX_TRY_NUMBER='1' AIRFLOW_CTX_DAG_RUN_ID='manual__2025-11-06T14:55:08.519724+00:00'
[2025-11-06T14:55:09.743+0000] {docker.py:333} INFO - Starting docker container from image dbt_***_project-dbt
[2025-11-06T14:55:09.747+0000] {taskinstance.py:1935} ERROR - Task failed with exception
Traceback (most recent call last):
  File "/home/airflow/.local/lib/python3.9/site-packages/docker/api/client.py", line 268, in _raise_for_status
    response.raise_for_status()
  File "/home/airflow/.local/lib/python3.9/site-packages/requests/models.py", line 1021, in raise_for_status
    raise HTTPError(http_error_msg, response=self)
requests.exceptions.HTTPError: 500 Server Error: Internal Server Error for url: http+docker://localhost/v1.51/containers/create

The above exception was the direct cause of the following exception:

Traceback (most recent call last):
  File "/home/airflow/.local/lib/python3.9/site-packages/airflow/providers/docker/operators/docker.py", line 476, in execute
    return self._run_image()
  File "/home/airflow/.local/lib/python3.9/site-packages/airflow/providers/docker/operators/docker.py", line 350, in _run_image
    return self._run_image_with_mounts(self.mounts, add_tmp_variable=False)
  File "/home/airflow/.local/lib/python3.9/site-packages/airflow/providers/docker/operators/docker.py", line 365, in _run_image_with_mounts
    self.container = self.cli.create_container(
  File "/home/airflow/.local/lib/python3.9/site-packages/docker/api/container.py", line 431, in create_container
    return self.create_container_from_config(config, name, platform)
  File "/home/airflow/.local/lib/python3.9/site-packages/docker/api/container.py", line 448, in create_container_from_config
    return self._result(res, True)
  File "/home/airflow/.local/lib/python3.9/site-packages/docker/api/client.py", line 274, in _result
    self._raise_for_status(response)
  File "/home/airflow/.local/lib/python3.9/site-packages/docker/api/client.py", line 270, in _raise_for_status
    raise create_api_error_from_http_exception(e) from e
  File "/home/airflow/.local/lib/python3.9/site-packages/docker/errors.py", line 39, in create_api_error_from_http_exception
    raise cls(e, response=response, explanation=explanation) from e
docker.errors.APIError: 500 Server Error for http+docker://localhost/v1.51/containers/create: Internal Server Error ("b'..\\..\\dbt%!(EXTRA string=is not a valid Windows path)'")
[2025-11-06T14:55:09.757+0000] {taskinstance.py:1398} INFO - Marking task as UP_FOR_RETRY. dag_id=dbt_transform, task_id=dbt_run, execution_date=20251106T145508, start_date=20251106T145509, end_date=20251106T145509
[2025-11-06T14:55:09.766+0000] {standard_task_runner.py:104} ERROR - Failed to execute job 10 for task dbt_run (500 Server Error for http+docker://localhost/v1.51/containers/create: Internal Server Error ("b'..\\..\\dbt%!(EXTRA string=is not a valid Windows path)'"); 274)
[2025-11-06T14:55:09.781+0000] {local_task_job_runner.py:228} INFO - Task exited with return code 1
[2025-11-06T14:55:09.797+0000] {taskinstance.py:2776} INFO - 0 downstream tasks scheduled from follow-on schedule check
