[2025-04-13T07:20:36.544+0000] {taskinstance.py:1157} INFO - Dependencies all met for dep_context=non-requeueable deps ti=<TaskInstance: dbt_transform.dbt_test __airflow_temporary_run_2025-04-13T07:20:28.717088+00:00__ [queued]>
[2025-04-13T07:20:36.552+0000] {taskinstance.py:1157} INFO - Dependencies all met for dep_context=requeueable deps ti=<TaskInstance: dbt_transform.dbt_test __airflow_temporary_run_2025-04-13T07:20:28.717088+00:00__ [queued]>
[2025-04-13T07:20:36.552+0000] {taskinstance.py:1359} INFO - Starting attempt 1 of 2
[2025-04-13T07:20:36.567+0000] {taskinstance.py:1380} INFO - Executing <Task(DockerOperator): dbt_test> on 2025-04-13 00:00:00+00:00
[2025-04-13T07:20:36.571+0000] {standard_task_runner.py:57} INFO - Started process 200 to run task
[2025-04-13T07:20:36.573+0000] {standard_task_runner.py:84} INFO - Running: ['***', 'tasks', 'run', 'dbt_transform', 'dbt_test', '__***_temporary_run_2025-04-13T07:20:28.717088+00:00__', '--job-id', '27', '--raw', '--subdir', 'DAGS_FOLDER/dbt_dag.py', '--cfg-path', '/tmp/tmp29k638jc']
[2025-04-13T07:20:36.576+0000] {standard_task_runner.py:85} INFO - Job 27: Subtask dbt_test
[2025-04-13T07:20:36.617+0000] {task_command.py:415} INFO - Running <TaskInstance: dbt_transform.dbt_test __airflow_temporary_run_2025-04-13T07:20:28.717088+00:00__ [running]> on host e17baebbf5c5
[2025-04-13T07:20:36.685+0000] {taskinstance.py:1660} INFO - Exporting env vars: AIRFLOW_CTX_DAG_OWNER='***' AIRFLOW_CTX_DAG_ID='dbt_transform' AIRFLOW_CTX_TASK_ID='dbt_test' AIRFLOW_CTX_EXECUTION_DATE='2025-04-13T00:00:00+00:00' AIRFLOW_CTX_TRY_NUMBER='1' AIRFLOW_CTX_DAG_RUN_ID='__***_temporary_run_2025-04-13T07:20:28.717088+00:00__'
[2025-04-13T07:20:36.706+0000] {docker.py:333} INFO - Starting docker container from image dbt_***_project-dbt
[2025-04-13T07:20:38.297+0000] {docker.py:402} INFO - [0m07:20:38  Running with dbt=1.8.7
[2025-04-13T07:20:38.684+0000] {docker.py:402} INFO - [0m07:20:38  Registered adapter: sqlserver=1.8.7
[2025-04-13T07:20:39.072+0000] {docker.py:402} INFO - [0m07:20:39  [[33mWARNING[0m]: Configuration paths exist in your dbt_project.yml file which do not apply to any resources.
There are 2 unused configuration paths:
- models.dbt_sqlserver_project.marts
- models.dbt_sqlserver_project.intermediate
[2025-04-13T07:20:39.366+0000] {docker.py:402} INFO - [0m07:20:39  Found 4 models, 2 data tests, 13 sources, 500 macros
[2025-04-13T07:20:39.370+0000] {docker.py:402} INFO - [0m07:20:39
[2025-04-13T07:20:39.440+0000] {docker.py:402} INFO - [0m07:20:39  Concurrency: 4 threads (target='dev')
[2025-04-13T07:20:39.441+0000] {docker.py:402} INFO - [0m07:20:39
[2025-04-13T07:20:39.454+0000] {docker.py:402} INFO - [0m07:20:39  1 of 2 START test not_null_stg_sales_orders_sales_order_id ..................... [RUN]
[2025-04-13T07:20:39.455+0000] {docker.py:402} INFO - [0m07:20:39  2 of 2 START test unique_stg_sales_orders_sales_order_id ....................... [RUN]
[2025-04-13T07:20:39.601+0000] {docker.py:402} INFO - [0m07:20:39  1 of 2 PASS not_null_stg_sales_orders_sales_order_id ........................... [[32mPASS[0m in 0.14s]
[2025-04-13T07:20:39.638+0000] {docker.py:402} INFO - [0m07:20:39  2 of 2 FAIL 21209 unique_stg_sales_orders_sales_order_id ....................... [[31mFAIL 21209[0m in 0.18s]
[2025-04-13T07:20:39.645+0000] {docker.py:402} INFO - [0m07:20:39
[2025-04-13T07:20:39.646+0000] {docker.py:402} INFO - [0m07:20:39  Finished running 2 data tests in 0 hours 0 minutes and 0.27 seconds (0.27s).
[2025-04-13T07:20:39.713+0000] {docker.py:402} INFO - [0m07:20:39
[2025-04-13T07:20:39.714+0000] {docker.py:402} INFO - [0m07:20:39  [31mCompleted with 1 error and 0 warnings:[0m
[2025-04-13T07:20:39.715+0000] {docker.py:402} INFO - [0m07:20:39
[2025-04-13T07:20:39.716+0000] {docker.py:402} INFO - [0m07:20:39  [31mFailure in test unique_stg_sales_orders_sales_order_id (models/staging/schema.yml)[0m
[2025-04-13T07:20:39.717+0000] {docker.py:402} INFO - [0m07:20:39    Got 21209 results, configured to fail if != 0
[2025-04-13T07:20:39.718+0000] {docker.py:402} INFO - [0m07:20:39
[2025-04-13T07:20:39.719+0000] {docker.py:402} INFO - [0m07:20:39    compiled code at target/compiled/dbt_sqlserver_project/models/staging/schema.yml/unique_stg_sales_orders_sales_order_id.sql
[2025-04-13T07:20:39.720+0000] {docker.py:402} INFO - [0m07:20:39
[2025-04-13T07:20:39.721+0000] {docker.py:402} INFO - [0m07:20:39  Done. PASS=1 WARN=0 ERROR=1 SKIP=0 TOTAL=2
[2025-04-13T07:20:41.233+0000] {taskinstance.py:1935} ERROR - Task failed with exception
Traceback (most recent call last):
  File "/home/airflow/.local/lib/python3.9/site-packages/airflow/providers/docker/operators/docker.py", line 476, in execute
    return self._run_image()
  File "/home/airflow/.local/lib/python3.9/site-packages/airflow/providers/docker/operators/docker.py", line 350, in _run_image
    return self._run_image_with_mounts(self.mounts, add_tmp_variable=False)
  File "/home/airflow/.local/lib/python3.9/site-packages/airflow/providers/docker/operators/docker.py", line 411, in _run_image_with_mounts
    raise AirflowException(f"Docker container failed: {result!r} lines {joined_log_lines}")
airflow.exceptions.AirflowException: Docker container failed: {'StatusCode': 1} lines [0m07:20:38  Running with dbt=1.8.7
[0m07:20:38  Registered adapter: sqlserver=1.8.7
[0m07:20:39  [[33mWARNING[0m]: Configuration paths exist in your dbt_project.yml file which do not apply to any resources.
There are 2 unused configuration paths:
- models.dbt_sqlserver_project.marts
- models.dbt_sqlserver_project.intermediate
[0m07:20:39  Found 4 models, 2 data tests, 13 sources, 500 macros
[0m07:20:39
[0m07:20:39  Concurrency: 4 threads (target='dev')
[0m07:20:39
[0m07:20:39  1 of 2 START test not_null_stg_sales_orders_sales_order_id ..................... [RUN]
[0m07:20:39  2 of 2 START test unique_stg_sales_orders_sales_order_id ....................... [RUN]
[0m07:20:39  1 of 2 PASS not_null_stg_sales_orders_sales_order_id ........................... [[32mPASS[0m in 0.14s]
[0m07:20:39  2 of 2 FAIL 21209 unique_stg_sales_orders_sales_order_id ....................... [[31mFAIL 21209[0m in 0.18s]
[0m07:20:39
[0m07:20:39  Finished running 2 data tests in 0 hours 0 minutes and 0.27 seconds (0.27s).
[0m07:20:39
[0m07:20:39  [31mCompleted with 1 error and 0 warnings:[0m
[0m07:20:39
[0m07:20:39  [31mFailure in test unique_stg_sales_orders_sales_order_id (models/staging/schema.yml)[0m
[0m07:20:39    Got 21209 results, configured to fail if != 0
[0m07:20:39
[0m07:20:39    compiled code at target/compiled/dbt_sqlserver_project/models/staging/schema.yml/unique_stg_sales_orders_sales_order_id.sql
[0m07:20:39
[0m07:20:39  Done. PASS=1 WARN=0 ERROR=1 SKIP=0 TOTAL=2
[2025-04-13T07:20:41.235+0000] {taskinstance.py:1398} INFO - Marking task as UP_FOR_RETRY. dag_id=dbt_transform, task_id=dbt_test, execution_date=20250413T000000, start_date=20250413T072036, end_date=20250413T072041
[2025-04-13T07:20:41.248+0000] {standard_task_runner.py:104} ERROR - Failed to execute job 27 for task dbt_test (Docker container failed: {'StatusCode': 1} lines [0m07:20:38  Running with dbt=1.8.7
[0m07:20:38  Registered adapter: sqlserver=1.8.7
[0m07:20:39  [[33mWARNING[0m]: Configuration paths exist in your dbt_project.yml file which do not apply to any resources.
There are 2 unused configuration paths:
- models.dbt_sqlserver_project.marts
- models.dbt_sqlserver_project.intermediate
[0m07:20:39  Found 4 models, 2 data tests, 13 sources, 500 macros
[0m07:20:39
[0m07:20:39  Concurrency: 4 threads (target='dev')
[0m07:20:39
[0m07:20:39  1 of 2 START test not_null_stg_sales_orders_sales_order_id ..................... [RUN]
[0m07:20:39  2 of 2 START test unique_stg_sales_orders_sales_order_id ....................... [RUN]
[0m07:20:39  1 of 2 PASS not_null_stg_sales_orders_sales_order_id ........................... [[32mPASS[0m in 0.14s]
[0m07:20:39  2 of 2 FAIL 21209 unique_stg_sales_orders_sales_order_id ....................... [[31mFAIL 21209[0m in 0.18s]
[0m07:20:39
[0m07:20:39  Finished running 2 data tests in 0 hours 0 minutes and 0.27 seconds (0.27s).
[0m07:20:39
[0m07:20:39  [31mCompleted with 1 error and 0 warnings:[0m
[0m07:20:39
[0m07:20:39  [31mFailure in test unique_stg_sales_orders_sales_order_id (models/staging/schema.yml)[0m
[0m07:20:39    Got 21209 results, configured to fail if != 0
[0m07:20:39
[0m07:20:39    compiled code at target/compiled/dbt_sqlserver_project/models/staging/schema.yml/unique_stg_sales_orders_sales_order_id.sql
[0m07:20:39
[0m07:20:39  Done. PASS=1 WARN=0 ERROR=1 SKIP=0 TOTAL=2; 200)
[2025-04-13T07:20:41.278+0000] {local_task_job_runner.py:228} INFO - Task exited with return code 1
[2025-04-13T07:20:41.299+0000] {taskinstance.py:2776} INFO - 0 downstream tasks scheduled from follow-on schedule check
