[2025-04-13T07:25:42.187+0000] {taskinstance.py:1157} INFO - Dependencies all met for dep_context=non-requeueable deps ti=<TaskInstance: dbt_transform.dbt_test __airflow_temporary_run_2025-04-13T07:20:28.717088+00:00__ [queued]>
[2025-04-13T07:25:42.195+0000] {taskinstance.py:1157} INFO - Dependencies all met for dep_context=requeueable deps ti=<TaskInstance: dbt_transform.dbt_test __airflow_temporary_run_2025-04-13T07:20:28.717088+00:00__ [queued]>
[2025-04-13T07:25:42.196+0000] {taskinstance.py:1359} INFO - Starting attempt 2 of 2
[2025-04-13T07:25:42.209+0000] {taskinstance.py:1380} INFO - Executing <Task(DockerOperator): dbt_test> on 2025-04-13 00:00:00+00:00
[2025-04-13T07:25:42.213+0000] {standard_task_runner.py:57} INFO - Started process 210 to run task
[2025-04-13T07:25:42.216+0000] {standard_task_runner.py:84} INFO - Running: ['***', 'tasks', 'run', 'dbt_transform', 'dbt_test', '__***_temporary_run_2025-04-13T07:20:28.717088+00:00__', '--job-id', '32', '--raw', '--subdir', 'DAGS_FOLDER/dbt_dag.py', '--cfg-path', '/tmp/tmpcappbra8']
[2025-04-13T07:25:42.219+0000] {standard_task_runner.py:85} INFO - Job 32: Subtask dbt_test
[2025-04-13T07:25:42.270+0000] {task_command.py:415} INFO - Running <TaskInstance: dbt_transform.dbt_test __airflow_temporary_run_2025-04-13T07:20:28.717088+00:00__ [running]> on host db6917ed49e2
[2025-04-13T07:25:42.342+0000] {taskinstance.py:1660} INFO - Exporting env vars: AIRFLOW_CTX_DAG_OWNER='***' AIRFLOW_CTX_DAG_ID='dbt_transform' AIRFLOW_CTX_TASK_ID='dbt_test' AIRFLOW_CTX_EXECUTION_DATE='2025-04-13T00:00:00+00:00' AIRFLOW_CTX_TRY_NUMBER='2' AIRFLOW_CTX_DAG_RUN_ID='__***_temporary_run_2025-04-13T07:20:28.717088+00:00__'
[2025-04-13T07:25:42.369+0000] {docker.py:333} INFO - Starting docker container from image dbt_***_project-dbt
[2025-04-13T07:25:44.361+0000] {docker.py:402} INFO - [0m07:25:44  Running with dbt=1.8.7
[2025-04-13T07:25:44.723+0000] {docker.py:402} INFO - [0m07:25:44  Registered adapter: sqlserver=1.8.7
[2025-04-13T07:25:45.111+0000] {docker.py:402} INFO - [0m07:25:45  [[33mWARNING[0m]: Configuration paths exist in your dbt_project.yml file which do not apply to any resources.
There are 2 unused configuration paths:
- models.dbt_sqlserver_project.marts
- models.dbt_sqlserver_project.intermediate
[2025-04-13T07:25:45.403+0000] {docker.py:402} INFO - [0m07:25:45  Found 4 models, 3 data tests, 13 sources, 500 macros
[2025-04-13T07:25:45.408+0000] {docker.py:402} INFO - [0m07:25:45
[2025-04-13T07:25:45.513+0000] {docker.py:402} INFO - [0m07:25:45  Concurrency: 4 threads (target='dev')
[2025-04-13T07:25:45.514+0000] {docker.py:402} INFO - [0m07:25:45
[2025-04-13T07:25:45.525+0000] {docker.py:402} INFO - [0m07:25:45  1 of 3 START test dbt_utils_unique_combination_of_columns_stg_sales_orders_sales_order_id__order_detail_id  [RUN]
[2025-04-13T07:25:45.526+0000] {docker.py:402} INFO - [0m07:25:45  2 of 3 START test not_null_stg_sales_orders_order_detail_id .................... [RUN]
[2025-04-13T07:25:45.527+0000] {docker.py:402} INFO - [0m07:25:45  3 of 3 START test not_null_stg_sales_orders_sales_order_id ..................... [RUN]
[2025-04-13T07:25:45.580+0000] {docker.py:402} INFO - [0m07:25:45  1 of 3 ERROR dbt_utils_unique_combination_of_columns_stg_sales_orders_sales_order_id__order_detail_id  [[31mERROR[0m in 0.05s]
[2025-04-13T07:25:46.641+0000] {docker.py:402} INFO - [0m07:25:46  3 of 3 PASS not_null_stg_sales_orders_sales_order_id ........................... [[32mPASS[0m in 1.11s]
[2025-04-13T07:25:46.680+0000] {docker.py:402} INFO - [0m07:25:46  2 of 3 PASS not_null_stg_sales_orders_order_detail_id .......................... [[32mPASS[0m in 1.15s]
[2025-04-13T07:25:46.687+0000] {docker.py:402} INFO - [0m07:25:46
[2025-04-13T07:25:46.688+0000] {docker.py:402} INFO - [0m07:25:46  Finished running 3 data tests in 0 hours 0 minutes and 1.28 seconds (1.28s).
[2025-04-13T07:25:46.752+0000] {docker.py:402} INFO - [0m07:25:46
[2025-04-13T07:25:48.210+0000] {docker.py:402} INFO - [0m07:25:46  [31mCompleted with 1 error and 0 warnings:[0m
[2025-04-13T07:25:48.212+0000] {docker.py:402} INFO - [0m07:25:48
[2025-04-13T07:25:48.213+0000] {docker.py:402} INFO - [0m07:25:48    Compilation Error in test dbt_utils_unique_combination_of_columns_stg_sales_orders_sales_order_id__order_detail_id (models/staging/schema.yml)
  'dbt_utils' is undefined. This can happen when calling a macro that does not exist. Check for typos and/or install package dependencies with "dbt deps".
[2025-04-13T07:25:48.214+0000] {docker.py:402} INFO - [0m07:25:48
[2025-04-13T07:25:48.215+0000] {docker.py:402} INFO - [0m07:25:48  Done. PASS=2 WARN=0 ERROR=1 SKIP=0 TOTAL=3
[2025-04-13T07:25:49.844+0000] {taskinstance.py:1935} ERROR - Task failed with exception
Traceback (most recent call last):
  File "/home/airflow/.local/lib/python3.9/site-packages/airflow/providers/docker/operators/docker.py", line 476, in execute
    return self._run_image()
  File "/home/airflow/.local/lib/python3.9/site-packages/airflow/providers/docker/operators/docker.py", line 350, in _run_image
    return self._run_image_with_mounts(self.mounts, add_tmp_variable=False)
  File "/home/airflow/.local/lib/python3.9/site-packages/airflow/providers/docker/operators/docker.py", line 411, in _run_image_with_mounts
    raise AirflowException(f"Docker container failed: {result!r} lines {joined_log_lines}")
airflow.exceptions.AirflowException: Docker container failed: {'StatusCode': 1} lines [0m07:25:44  Running with dbt=1.8.7
[0m07:25:44  Registered adapter: sqlserver=1.8.7
[0m07:25:45  [[33mWARNING[0m]: Configuration paths exist in your dbt_project.yml file which do not apply to any resources.
There are 2 unused configuration paths:
- models.dbt_sqlserver_project.marts
- models.dbt_sqlserver_project.intermediate
[0m07:25:45  Found 4 models, 3 data tests, 13 sources, 500 macros
[0m07:25:45
[0m07:25:45  Concurrency: 4 threads (target='dev')
[0m07:25:45
[0m07:25:45  1 of 3 START test dbt_utils_unique_combination_of_columns_stg_sales_orders_sales_order_id__order_detail_id  [RUN]
[0m07:25:45  2 of 3 START test not_null_stg_sales_orders_order_detail_id .................... [RUN]
[0m07:25:45  3 of 3 START test not_null_stg_sales_orders_sales_order_id ..................... [RUN]
[0m07:25:45  1 of 3 ERROR dbt_utils_unique_combination_of_columns_stg_sales_orders_sales_order_id__order_detail_id  [[31mERROR[0m in 0.05s]
[0m07:25:46  3 of 3 PASS not_null_stg_sales_orders_sales_order_id ........................... [[32mPASS[0m in 1.11s]
[0m07:25:46  2 of 3 PASS not_null_stg_sales_orders_order_detail_id .......................... [[32mPASS[0m in 1.15s]
[0m07:25:46
[0m07:25:46  Finished running 3 data tests in 0 hours 0 minutes and 1.28 seconds (1.28s).
[0m07:25:46
[0m07:25:46  [31mCompleted with 1 error and 0 warnings:[0m
[0m07:25:48
[0m07:25:48    Compilation Error in test dbt_utils_unique_combination_of_columns_stg_sales_orders_sales_order_id__order_detail_id (models/staging/schema.yml)
  'dbt_utils' is undefined. This can happen when calling a macro that does not exist. Check for typos and/or install package dependencies with "dbt deps".
[0m07:25:48
[0m07:25:48  Done. PASS=2 WARN=0 ERROR=1 SKIP=0 TOTAL=3
[2025-04-13T07:25:49.849+0000] {taskinstance.py:1398} INFO - Marking task as FAILED. dag_id=dbt_transform, task_id=dbt_test, execution_date=20250413T000000, start_date=20250413T072542, end_date=20250413T072549
[2025-04-13T07:25:49.864+0000] {standard_task_runner.py:104} ERROR - Failed to execute job 32 for task dbt_test (Docker container failed: {'StatusCode': 1} lines [0m07:25:44  Running with dbt=1.8.7
[0m07:25:44  Registered adapter: sqlserver=1.8.7
[0m07:25:45  [[33mWARNING[0m]: Configuration paths exist in your dbt_project.yml file which do not apply to any resources.
There are 2 unused configuration paths:
- models.dbt_sqlserver_project.marts
- models.dbt_sqlserver_project.intermediate
[0m07:25:45  Found 4 models, 3 data tests, 13 sources, 500 macros
[0m07:25:45
[0m07:25:45  Concurrency: 4 threads (target='dev')
[0m07:25:45
[0m07:25:45  1 of 3 START test dbt_utils_unique_combination_of_columns_stg_sales_orders_sales_order_id__order_detail_id  [RUN]
[0m07:25:45  2 of 3 START test not_null_stg_sales_orders_order_detail_id .................... [RUN]
[0m07:25:45  3 of 3 START test not_null_stg_sales_orders_sales_order_id ..................... [RUN]
[0m07:25:45  1 of 3 ERROR dbt_utils_unique_combination_of_columns_stg_sales_orders_sales_order_id__order_detail_id  [[31mERROR[0m in 0.05s]
[0m07:25:46  3 of 3 PASS not_null_stg_sales_orders_sales_order_id ........................... [[32mPASS[0m in 1.11s]
[0m07:25:46  2 of 3 PASS not_null_stg_sales_orders_order_detail_id .......................... [[32mPASS[0m in 1.15s]
[0m07:25:46
[0m07:25:46  Finished running 3 data tests in 0 hours 0 minutes and 1.28 seconds (1.28s).
[0m07:25:46
[0m07:25:46  [31mCompleted with 1 error and 0 warnings:[0m
[0m07:25:48
[0m07:25:48    Compilation Error in test dbt_utils_unique_combination_of_columns_stg_sales_orders_sales_order_id__order_detail_id (models/staging/schema.yml)
  'dbt_utils' is undefined. This can happen when calling a macro that does not exist. Check for typos and/or install package dependencies with "dbt deps".
[0m07:25:48
[0m07:25:48  Done. PASS=2 WARN=0 ERROR=1 SKIP=0 TOTAL=3; 210)
[2025-04-13T07:25:49.879+0000] {local_task_job_runner.py:228} INFO - Task exited with return code 1
[2025-04-13T07:25:49.891+0000] {taskinstance.py:2776} INFO - 0 downstream tasks scheduled from follow-on schedule check
