[2025-04-13T06:53:07.823+0000] {taskinstance.py:1157} INFO - Dependencies all met for dep_context=non-requeueable deps ti=<TaskInstance: dbt_transform.dbt_run manual__2025-04-13T06:53:06+00:00 [queued]>
[2025-04-13T06:53:07.831+0000] {taskinstance.py:1157} INFO - Dependencies all met for dep_context=requeueable deps ti=<TaskInstance: dbt_transform.dbt_run manual__2025-04-13T06:53:06+00:00 [queued]>
[2025-04-13T06:53:07.831+0000] {taskinstance.py:1359} INFO - Starting attempt 1 of 2
[2025-04-13T06:53:07.844+0000] {taskinstance.py:1380} INFO - Executing <Task(DockerOperator): dbt_run> on 2025-04-13 06:53:06+00:00
[2025-04-13T06:53:07.848+0000] {standard_task_runner.py:57} INFO - Started process 175 to run task
[2025-04-13T06:53:07.850+0000] {standard_task_runner.py:84} INFO - Running: ['***', 'tasks', 'run', 'dbt_transform', 'dbt_run', 'manual__2025-04-13T06:53:06+00:00', '--job-id', '13', '--raw', '--subdir', 'DAGS_FOLDER/dbt_dag.py', '--cfg-path', '/tmp/tmprgzp5gvf']
[2025-04-13T06:53:07.853+0000] {standard_task_runner.py:85} INFO - Job 13: Subtask dbt_run
[2025-04-13T06:53:07.893+0000] {task_command.py:415} INFO - Running <TaskInstance: dbt_transform.dbt_run manual__2025-04-13T06:53:06+00:00 [running]> on host 607c611b9f7e
[2025-04-13T06:53:07.957+0000] {taskinstance.py:1660} INFO - Exporting env vars: AIRFLOW_CTX_DAG_OWNER='***' AIRFLOW_CTX_DAG_ID='dbt_transform' AIRFLOW_CTX_TASK_ID='dbt_run' AIRFLOW_CTX_EXECUTION_DATE='2025-04-13T06:53:06+00:00' AIRFLOW_CTX_TRY_NUMBER='1' AIRFLOW_CTX_DAG_RUN_ID='manual__2025-04-13T06:53:06+00:00'
[2025-04-13T06:53:07.979+0000] {docker.py:333} INFO - Starting docker container from image dbt_***_project-dbt
[2025-04-13T06:53:09.805+0000] {docker.py:402} INFO - [0m06:53:09  Running with dbt=1.8.7
[2025-04-13T06:53:10.204+0000] {docker.py:402} INFO - [0m06:53:10  Registered adapter: sqlserver=1.8.7
[2025-04-13T06:53:10.301+0000] {docker.py:402} INFO - [0m06:53:10  Unable to do partial parsing because saved manifest not found. Starting full parse.
[2025-04-13T06:53:11.954+0000] {docker.py:402} INFO - [0m06:53:11  [[33mWARNING[0m]: Deprecated functionality
The `tests` config has been renamed to `data_tests`. Please see
https://docs.getdbt.com/docs/build/data-tests#new-data_tests-syntax for more
information.
[2025-04-13T06:53:12.220+0000] {docker.py:402} INFO - [0m06:53:12  [[33mWARNING[0m]: Configuration paths exist in your dbt_project.yml file which do not apply to any resources.
There are 2 unused configuration paths:
- models.dbt_sqlserver_project.marts
- models.dbt_sqlserver_project.intermediate
[2025-04-13T06:53:12.485+0000] {docker.py:402} INFO - [0m06:53:12  Found 2 models, 2 data tests, 1 source, 500 macros
[2025-04-13T06:53:12.490+0000] {docker.py:402} INFO - [0m06:53:12
[2025-04-13T06:53:12.654+0000] {docker.py:402} INFO - [0m06:53:12  Concurrency: 1 threads (target='dev')
[2025-04-13T06:53:12.655+0000] {docker.py:402} INFO - [0m06:53:12
[2025-04-13T06:53:12.666+0000] {docker.py:402} INFO - [0m06:53:12  1 of 2 START sql view model dbo.stg_customers .................................. [RUN]
[2025-04-13T06:53:12.778+0000] {docker.py:402} INFO - [0m06:53:12  [31mUnhandled error while executing target/run/dbt_sqlserver_project/models/staging/stg_customers.sql[0m
('42S02', "[42S02] [Microsoft][ODBC Driver 17 for SQL Server][SQL Server]Invalid object name 'AdventureWorks2014.dbo.Customer'. (208) (SQLMoreResults)")
[2025-04-13T06:53:12.786+0000] {docker.py:402} INFO - [0m06:53:12  1 of 2 ERROR creating sql view model dbo.stg_customers ......................... [[31mERROR[0m in 0.11s]
[2025-04-13T06:53:12.791+0000] {docker.py:402} INFO - [0m06:53:12  2 of 2 START sql view model dbo.stg_example .................................... [RUN]
[2025-04-13T06:53:12.845+0000] {docker.py:402} INFO - [0m06:53:12  [31mUnhandled error while executing target/run/dbt_sqlserver_project/models/staging/stg_example.sql[0m
('42S02', "[42S02] [Microsoft][ODBC Driver 17 for SQL Server][SQL Server]Invalid object name 'AdventureWorks2014.dbo.Customer'. (208) (SQLMoreResults)")
[2025-04-13T06:53:12.848+0000] {docker.py:402} INFO - [0m06:53:12  2 of 2 ERROR creating sql view model dbo.stg_example ........................... [[31mERROR[0m in 0.05s]
[2025-04-13T06:53:12.855+0000] {docker.py:402} INFO - [0m06:53:12
[2025-04-13T06:53:12.856+0000] {docker.py:402} INFO - [0m06:53:12  Finished running 2 view models in 0 hours 0 minutes and 0.36 seconds (0.36s).
[2025-04-13T06:53:12.916+0000] {docker.py:402} INFO - [0m06:53:12
[2025-04-13T06:53:12.917+0000] {docker.py:402} INFO - [0m06:53:12  [31mCompleted with 2 errors and 0 warnings:[0m
[2025-04-13T06:53:12.918+0000] {docker.py:402} INFO - [0m06:53:12
[2025-04-13T06:53:12.919+0000] {docker.py:402} INFO - [0m06:53:12    ('42S02', "[42S02] [Microsoft][ODBC Driver 17 for SQL Server][SQL Server]Invalid object name 'AdventureWorks2014.dbo.Customer'. (208) (SQLMoreResults)")
[2025-04-13T06:53:12.920+0000] {docker.py:402} INFO - [0m06:53:12
[2025-04-13T06:53:12.921+0000] {docker.py:402} INFO - [0m06:53:12    ('42S02', "[42S02] [Microsoft][ODBC Driver 17 for SQL Server][SQL Server]Invalid object name 'AdventureWorks2014.dbo.Customer'. (208) (SQLMoreResults)")
[2025-04-13T06:53:12.922+0000] {docker.py:402} INFO - [0m06:53:12
[2025-04-13T06:53:12.923+0000] {docker.py:402} INFO - [0m06:53:12  Done. PASS=0 WARN=0 ERROR=2 SKIP=0 TOTAL=2
[2025-04-13T06:53:14.595+0000] {taskinstance.py:1935} ERROR - Task failed with exception
Traceback (most recent call last):
  File "/home/airflow/.local/lib/python3.9/site-packages/airflow/providers/docker/operators/docker.py", line 476, in execute
    return self._run_image()
  File "/home/airflow/.local/lib/python3.9/site-packages/airflow/providers/docker/operators/docker.py", line 350, in _run_image
    return self._run_image_with_mounts(self.mounts, add_tmp_variable=False)
  File "/home/airflow/.local/lib/python3.9/site-packages/airflow/providers/docker/operators/docker.py", line 411, in _run_image_with_mounts
    raise AirflowException(f"Docker container failed: {result!r} lines {joined_log_lines}")
airflow.exceptions.AirflowException: Docker container failed: {'StatusCode': 1} lines [0m06:53:09  Running with dbt=1.8.7
[0m06:53:10  Registered adapter: sqlserver=1.8.7
[0m06:53:10  Unable to do partial parsing because saved manifest not found. Starting full parse.
[0m06:53:11  [[33mWARNING[0m]: Deprecated functionality
The `tests` config has been renamed to `data_tests`. Please see
https://docs.getdbt.com/docs/build/data-tests#new-data_tests-syntax for more
information.
[0m06:53:12  [[33mWARNING[0m]: Configuration paths exist in your dbt_project.yml file which do not apply to any resources.
There are 2 unused configuration paths:
- models.dbt_sqlserver_project.marts
- models.dbt_sqlserver_project.intermediate
[0m06:53:12  Found 2 models, 2 data tests, 1 source, 500 macros
[0m06:53:12
[0m06:53:12  Concurrency: 1 threads (target='dev')
[0m06:53:12
[0m06:53:12  1 of 2 START sql view model dbo.stg_customers .................................. [RUN]
[0m06:53:12  [31mUnhandled error while executing target/run/dbt_sqlserver_project/models/staging/stg_customers.sql[0m
('42S02', "[42S02] [Microsoft][ODBC Driver 17 for SQL Server][SQL Server]Invalid object name 'AdventureWorks2014.dbo.Customer'. (208) (SQLMoreResults)")
[0m06:53:12  1 of 2 ERROR creating sql view model dbo.stg_customers ......................... [[31mERROR[0m in 0.11s]
[0m06:53:12  2 of 2 START sql view model dbo.stg_example .................................... [RUN]
[0m06:53:12  [31mUnhandled error while executing target/run/dbt_sqlserver_project/models/staging/stg_example.sql[0m
('42S02', "[42S02] [Microsoft][ODBC Driver 17 for SQL Server][SQL Server]Invalid object name 'AdventureWorks2014.dbo.Customer'. (208) (SQLMoreResults)")
[0m06:53:12  2 of 2 ERROR creating sql view model dbo.stg_example ........................... [[31mERROR[0m in 0.05s]
[0m06:53:12
[0m06:53:12  Finished running 2 view models in 0 hours 0 minutes and 0.36 seconds (0.36s).
[0m06:53:12
[0m06:53:12  [31mCompleted with 2 errors and 0 warnings:[0m
[0m06:53:12
[0m06:53:12    ('42S02', "[42S02] [Microsoft][ODBC Driver 17 for SQL Server][SQL Server]Invalid object name 'AdventureWorks2014.dbo.Customer'. (208) (SQLMoreResults)")
[0m06:53:12
[0m06:53:12    ('42S02', "[42S02] [Microsoft][ODBC Driver 17 for SQL Server][SQL Server]Invalid object name 'AdventureWorks2014.dbo.Customer'. (208) (SQLMoreResults)")
[0m06:53:12
[0m06:53:12  Done. PASS=0 WARN=0 ERROR=2 SKIP=0 TOTAL=2
[2025-04-13T06:53:14.599+0000] {taskinstance.py:1398} INFO - Marking task as UP_FOR_RETRY. dag_id=dbt_transform, task_id=dbt_run, execution_date=20250413T065306, start_date=20250413T065307, end_date=20250413T065314
[2025-04-13T06:53:14.613+0000] {standard_task_runner.py:104} ERROR - Failed to execute job 13 for task dbt_run (Docker container failed: {'StatusCode': 1} lines [0m06:53:09  Running with dbt=1.8.7
[0m06:53:10  Registered adapter: sqlserver=1.8.7
[0m06:53:10  Unable to do partial parsing because saved manifest not found. Starting full parse.
[0m06:53:11  [[33mWARNING[0m]: Deprecated functionality
The `tests` config has been renamed to `data_tests`. Please see
https://docs.getdbt.com/docs/build/data-tests#new-data_tests-syntax for more
information.
[0m06:53:12  [[33mWARNING[0m]: Configuration paths exist in your dbt_project.yml file which do not apply to any resources.
There are 2 unused configuration paths:
- models.dbt_sqlserver_project.marts
- models.dbt_sqlserver_project.intermediate
[0m06:53:12  Found 2 models, 2 data tests, 1 source, 500 macros
[0m06:53:12
[0m06:53:12  Concurrency: 1 threads (target='dev')
[0m06:53:12
[0m06:53:12  1 of 2 START sql view model dbo.stg_customers .................................. [RUN]
[0m06:53:12  [31mUnhandled error while executing target/run/dbt_sqlserver_project/models/staging/stg_customers.sql[0m
('42S02', "[42S02] [Microsoft][ODBC Driver 17 for SQL Server][SQL Server]Invalid object name 'AdventureWorks2014.dbo.Customer'. (208) (SQLMoreResults)")
[0m06:53:12  1 of 2 ERROR creating sql view model dbo.stg_customers ......................... [[31mERROR[0m in 0.11s]
[0m06:53:12  2 of 2 START sql view model dbo.stg_example .................................... [RUN]
[0m06:53:12  [31mUnhandled error while executing target/run/dbt_sqlserver_project/models/staging/stg_example.sql[0m
('42S02', "[42S02] [Microsoft][ODBC Driver 17 for SQL Server][SQL Server]Invalid object name 'AdventureWorks2014.dbo.Customer'. (208) (SQLMoreResults)")
[0m06:53:12  2 of 2 ERROR creating sql view model dbo.stg_example ........................... [[31mERROR[0m in 0.05s]
[0m06:53:12
[0m06:53:12  Finished running 2 view models in 0 hours 0 minutes and 0.36 seconds (0.36s).
[0m06:53:12
[0m06:53:12  [31mCompleted with 2 errors and 0 warnings:[0m
[0m06:53:12
[0m06:53:12    ('42S02', "[42S02] [Microsoft][ODBC Driver 17 for SQL Server][SQL Server]Invalid object name 'AdventureWorks2014.dbo.Customer'. (208) (SQLMoreResults)")
[0m06:53:12
[0m06:53:12    ('42S02', "[42S02] [Microsoft][ODBC Driver 17 for SQL Server][SQL Server]Invalid object name 'AdventureWorks2014.dbo.Customer'. (208) (SQLMoreResults)")
[0m06:53:12
[0m06:53:12  Done. PASS=0 WARN=0 ERROR=2 SKIP=0 TOTAL=2; 175)
[2025-04-13T06:53:14.630+0000] {local_task_job_runner.py:228} INFO - Task exited with return code 1
[2025-04-13T06:53:14.649+0000] {taskinstance.py:2776} INFO - 0 downstream tasks scheduled from follow-on schedule check
