[2025-04-13T06:57:59.540+0000] {taskinstance.py:1157} INFO - Dependencies all met for dep_context=non-requeueable deps ti=<TaskInstance: dbt_transform.dbt_run manual__2025-04-13T06:51:32+00:00 [queued]>
[2025-04-13T06:57:59.548+0000] {taskinstance.py:1157} INFO - Dependencies all met for dep_context=requeueable deps ti=<TaskInstance: dbt_transform.dbt_run manual__2025-04-13T06:51:32+00:00 [queued]>
[2025-04-13T06:57:59.548+0000] {taskinstance.py:1359} INFO - Starting attempt 2 of 2
[2025-04-13T06:57:59.560+0000] {taskinstance.py:1380} INFO - Executing <Task(DockerOperator): dbt_run> on 2025-04-13 06:51:32+00:00
[2025-04-13T06:57:59.563+0000] {standard_task_runner.py:57} INFO - Started process 174 to run task
[2025-04-13T06:57:59.567+0000] {standard_task_runner.py:84} INFO - Running: ['***', 'tasks', 'run', 'dbt_transform', 'dbt_run', 'manual__2025-04-13T06:51:32+00:00', '--job-id', '16', '--raw', '--subdir', 'DAGS_FOLDER/dbt_dag.py', '--cfg-path', '/tmp/tmptps1car5']
[2025-04-13T06:57:59.570+0000] {standard_task_runner.py:85} INFO - Job 16: Subtask dbt_run
[2025-04-13T06:57:59.615+0000] {task_command.py:415} INFO - Running <TaskInstance: dbt_transform.dbt_run manual__2025-04-13T06:51:32+00:00 [running]> on host a38f734cb68e
[2025-04-13T06:57:59.687+0000] {taskinstance.py:1660} INFO - Exporting env vars: AIRFLOW_CTX_DAG_OWNER='***' AIRFLOW_CTX_DAG_ID='dbt_transform' AIRFLOW_CTX_TASK_ID='dbt_run' AIRFLOW_CTX_EXECUTION_DATE='2025-04-13T06:51:32+00:00' AIRFLOW_CTX_TRY_NUMBER='2' AIRFLOW_CTX_DAG_RUN_ID='manual__2025-04-13T06:51:32+00:00'
[2025-04-13T06:57:59.712+0000] {docker.py:333} INFO - Starting docker container from image dbt_***_project-dbt
[2025-04-13T06:58:01.811+0000] {docker.py:402} INFO - [0m06:58:01  Running with dbt=1.8.7
[2025-04-13T06:58:02.210+0000] {docker.py:402} INFO - [0m06:58:02  Registered adapter: sqlserver=1.8.7
[2025-04-13T06:58:02.651+0000] {docker.py:402} INFO - [0m06:58:02  [[33mWARNING[0m]: Configuration paths exist in your dbt_project.yml file which do not apply to any resources.
There are 2 unused configuration paths:
- models.dbt_sqlserver_project.marts
- models.dbt_sqlserver_project.intermediate
[2025-04-13T06:58:02.950+0000] {docker.py:402} INFO - [0m06:58:02  Found 2 models, 2 data tests, 1 source, 500 macros
[2025-04-13T06:58:02.954+0000] {docker.py:402} INFO - [0m06:58:02
[2025-04-13T06:58:03.106+0000] {docker.py:402} INFO - [0m06:58:03  Concurrency: 1 threads (target='dev')
[2025-04-13T06:58:03.107+0000] {docker.py:402} INFO - [0m06:58:03
[2025-04-13T06:58:03.118+0000] {docker.py:402} INFO - [0m06:58:03  1 of 2 START sql view model dbo.stg_customers .................................. [RUN]
[2025-04-13T06:58:03.214+0000] {docker.py:402} INFO - [0m06:58:03  [31mUnhandled error while executing target/run/dbt_sqlserver_project/models/staging/stg_customers.sql[0m
('42S02', "[42S02] [Microsoft][ODBC Driver 17 for SQL Server][SQL Server]Invalid object name 'AdventureWorks2014.dbo.Customer'. (208) (SQLMoreResults)")
[2025-04-13T06:58:03.220+0000] {docker.py:402} INFO - [0m06:58:03  1 of 2 ERROR creating sql view model dbo.stg_customers ......................... [[31mERROR[0m in 0.10s]
[2025-04-13T06:58:03.223+0000] {docker.py:402} INFO - [0m06:58:03  2 of 2 START sql view model dbo.stg_example .................................... [RUN]
[2025-04-13T06:58:03.269+0000] {docker.py:402} INFO - [0m06:58:03  [31mUnhandled error while executing target/run/dbt_sqlserver_project/models/staging/stg_example.sql[0m
('42S02', "[42S02] [Microsoft][ODBC Driver 17 for SQL Server][SQL Server]Invalid object name 'AdventureWorks2014.dbo.Customer'. (208) (SQLMoreResults)")
[2025-04-13T06:58:03.273+0000] {docker.py:402} INFO - [0m06:58:03  2 of 2 ERROR creating sql view model dbo.stg_example ........................... [[31mERROR[0m in 0.05s]
[2025-04-13T06:58:03.279+0000] {docker.py:402} INFO - [0m06:58:03
[2025-04-13T06:58:03.280+0000] {docker.py:402} INFO - [0m06:58:03  Finished running 2 view models in 0 hours 0 minutes and 0.32 seconds (0.32s).
[2025-04-13T06:58:03.343+0000] {docker.py:402} INFO - [0m06:58:03
[2025-04-13T06:58:03.344+0000] {docker.py:402} INFO - [0m06:58:03  [31mCompleted with 2 errors and 0 warnings:[0m
[2025-04-13T06:58:03.345+0000] {docker.py:402} INFO - [0m06:58:03
[2025-04-13T06:58:03.346+0000] {docker.py:402} INFO - [0m06:58:03    ('42S02', "[42S02] [Microsoft][ODBC Driver 17 for SQL Server][SQL Server]Invalid object name 'AdventureWorks2014.dbo.Customer'. (208) (SQLMoreResults)")
[2025-04-13T06:58:03.348+0000] {docker.py:402} INFO - [0m06:58:03
[2025-04-13T06:58:03.349+0000] {docker.py:402} INFO - [0m06:58:03    ('42S02', "[42S02] [Microsoft][ODBC Driver 17 for SQL Server][SQL Server]Invalid object name 'AdventureWorks2014.dbo.Customer'. (208) (SQLMoreResults)")
[2025-04-13T06:58:03.350+0000] {docker.py:402} INFO - [0m06:58:03
[2025-04-13T06:58:03.351+0000] {docker.py:402} INFO - [0m06:58:03  Done. PASS=0 WARN=0 ERROR=2 SKIP=0 TOTAL=2
[2025-04-13T06:58:04.991+0000] {taskinstance.py:1935} ERROR - Task failed with exception
Traceback (most recent call last):
  File "/home/airflow/.local/lib/python3.9/site-packages/airflow/providers/docker/operators/docker.py", line 476, in execute
    return self._run_image()
  File "/home/airflow/.local/lib/python3.9/site-packages/airflow/providers/docker/operators/docker.py", line 350, in _run_image
    return self._run_image_with_mounts(self.mounts, add_tmp_variable=False)
  File "/home/airflow/.local/lib/python3.9/site-packages/airflow/providers/docker/operators/docker.py", line 411, in _run_image_with_mounts
    raise AirflowException(f"Docker container failed: {result!r} lines {joined_log_lines}")
airflow.exceptions.AirflowException: Docker container failed: {'StatusCode': 1} lines [0m06:58:01  Running with dbt=1.8.7
[0m06:58:02  Registered adapter: sqlserver=1.8.7
[0m06:58:02  [[33mWARNING[0m]: Configuration paths exist in your dbt_project.yml file which do not apply to any resources.
There are 2 unused configuration paths:
- models.dbt_sqlserver_project.marts
- models.dbt_sqlserver_project.intermediate
[0m06:58:02  Found 2 models, 2 data tests, 1 source, 500 macros
[0m06:58:02
[0m06:58:03  Concurrency: 1 threads (target='dev')
[0m06:58:03
[0m06:58:03  1 of 2 START sql view model dbo.stg_customers .................................. [RUN]
[0m06:58:03  [31mUnhandled error while executing target/run/dbt_sqlserver_project/models/staging/stg_customers.sql[0m
('42S02', "[42S02] [Microsoft][ODBC Driver 17 for SQL Server][SQL Server]Invalid object name 'AdventureWorks2014.dbo.Customer'. (208) (SQLMoreResults)")
[0m06:58:03  1 of 2 ERROR creating sql view model dbo.stg_customers ......................... [[31mERROR[0m in 0.10s]
[0m06:58:03  2 of 2 START sql view model dbo.stg_example .................................... [RUN]
[0m06:58:03  [31mUnhandled error while executing target/run/dbt_sqlserver_project/models/staging/stg_example.sql[0m
('42S02', "[42S02] [Microsoft][ODBC Driver 17 for SQL Server][SQL Server]Invalid object name 'AdventureWorks2014.dbo.Customer'. (208) (SQLMoreResults)")
[0m06:58:03  2 of 2 ERROR creating sql view model dbo.stg_example ........................... [[31mERROR[0m in 0.05s]
[0m06:58:03
[0m06:58:03  Finished running 2 view models in 0 hours 0 minutes and 0.32 seconds (0.32s).
[0m06:58:03
[0m06:58:03  [31mCompleted with 2 errors and 0 warnings:[0m
[0m06:58:03
[0m06:58:03    ('42S02', "[42S02] [Microsoft][ODBC Driver 17 for SQL Server][SQL Server]Invalid object name 'AdventureWorks2014.dbo.Customer'. (208) (SQLMoreResults)")
[0m06:58:03
[0m06:58:03    ('42S02', "[42S02] [Microsoft][ODBC Driver 17 for SQL Server][SQL Server]Invalid object name 'AdventureWorks2014.dbo.Customer'. (208) (SQLMoreResults)")
[0m06:58:03
[0m06:58:03  Done. PASS=0 WARN=0 ERROR=2 SKIP=0 TOTAL=2
[2025-04-13T06:58:04.996+0000] {taskinstance.py:1398} INFO - Marking task as FAILED. dag_id=dbt_transform, task_id=dbt_run, execution_date=20250413T065132, start_date=20250413T065759, end_date=20250413T065804
[2025-04-13T06:58:05.010+0000] {standard_task_runner.py:104} ERROR - Failed to execute job 16 for task dbt_run (Docker container failed: {'StatusCode': 1} lines [0m06:58:01  Running with dbt=1.8.7
[0m06:58:02  Registered adapter: sqlserver=1.8.7
[0m06:58:02  [[33mWARNING[0m]: Configuration paths exist in your dbt_project.yml file which do not apply to any resources.
There are 2 unused configuration paths:
- models.dbt_sqlserver_project.marts
- models.dbt_sqlserver_project.intermediate
[0m06:58:02  Found 2 models, 2 data tests, 1 source, 500 macros
[0m06:58:02
[0m06:58:03  Concurrency: 1 threads (target='dev')
[0m06:58:03
[0m06:58:03  1 of 2 START sql view model dbo.stg_customers .................................. [RUN]
[0m06:58:03  [31mUnhandled error while executing target/run/dbt_sqlserver_project/models/staging/stg_customers.sql[0m
('42S02', "[42S02] [Microsoft][ODBC Driver 17 for SQL Server][SQL Server]Invalid object name 'AdventureWorks2014.dbo.Customer'. (208) (SQLMoreResults)")
[0m06:58:03  1 of 2 ERROR creating sql view model dbo.stg_customers ......................... [[31mERROR[0m in 0.10s]
[0m06:58:03  2 of 2 START sql view model dbo.stg_example .................................... [RUN]
[0m06:58:03  [31mUnhandled error while executing target/run/dbt_sqlserver_project/models/staging/stg_example.sql[0m
('42S02', "[42S02] [Microsoft][ODBC Driver 17 for SQL Server][SQL Server]Invalid object name 'AdventureWorks2014.dbo.Customer'. (208) (SQLMoreResults)")
[0m06:58:03  2 of 2 ERROR creating sql view model dbo.stg_example ........................... [[31mERROR[0m in 0.05s]
[0m06:58:03
[0m06:58:03  Finished running 2 view models in 0 hours 0 minutes and 0.32 seconds (0.32s).
[0m06:58:03
[0m06:58:03  [31mCompleted with 2 errors and 0 warnings:[0m
[0m06:58:03
[0m06:58:03    ('42S02', "[42S02] [Microsoft][ODBC Driver 17 for SQL Server][SQL Server]Invalid object name 'AdventureWorks2014.dbo.Customer'. (208) (SQLMoreResults)")
[0m06:58:03
[0m06:58:03    ('42S02', "[42S02] [Microsoft][ODBC Driver 17 for SQL Server][SQL Server]Invalid object name 'AdventureWorks2014.dbo.Customer'. (208) (SQLMoreResults)")
[0m06:58:03
[0m06:58:03  Done. PASS=0 WARN=0 ERROR=2 SKIP=0 TOTAL=2; 174)
[2025-04-13T06:58:05.025+0000] {local_task_job_runner.py:228} INFO - Task exited with return code 1
[2025-04-13T06:58:05.046+0000] {taskinstance.py:2776} INFO - 0 downstream tasks scheduled from follow-on schedule check
