[2025-04-13T06:51:34.163+0000] {taskinstance.py:1157} INFO - Dependencies all met for dep_context=non-requeueable deps ti=<TaskInstance: dbt_transform.dbt_run manual__2025-04-13T06:51:32+00:00 [queued]>
[2025-04-13T06:51:34.170+0000] {taskinstance.py:1157} INFO - Dependencies all met for dep_context=requeueable deps ti=<TaskInstance: dbt_transform.dbt_run manual__2025-04-13T06:51:32+00:00 [queued]>
[2025-04-13T06:51:34.171+0000] {taskinstance.py:1359} INFO - Starting attempt 1 of 2
[2025-04-13T06:51:34.184+0000] {taskinstance.py:1380} INFO - Executing <Task(DockerOperator): dbt_run> on 2025-04-13 06:51:32+00:00
[2025-04-13T06:51:34.188+0000] {standard_task_runner.py:57} INFO - Started process 174 to run task
[2025-04-13T06:51:34.190+0000] {standard_task_runner.py:84} INFO - Running: ['***', 'tasks', 'run', 'dbt_transform', 'dbt_run', 'manual__2025-04-13T06:51:32+00:00', '--job-id', '11', '--raw', '--subdir', 'DAGS_FOLDER/dbt_dag.py', '--cfg-path', '/tmp/tmpjv_phph6']
[2025-04-13T06:51:34.192+0000] {standard_task_runner.py:85} INFO - Job 11: Subtask dbt_run
[2025-04-13T06:51:34.234+0000] {task_command.py:415} INFO - Running <TaskInstance: dbt_transform.dbt_run manual__2025-04-13T06:51:32+00:00 [running]> on host 607c611b9f7e
[2025-04-13T06:51:34.297+0000] {taskinstance.py:1660} INFO - Exporting env vars: AIRFLOW_CTX_DAG_OWNER='***' AIRFLOW_CTX_DAG_ID='dbt_transform' AIRFLOW_CTX_TASK_ID='dbt_run' AIRFLOW_CTX_EXECUTION_DATE='2025-04-13T06:51:32+00:00' AIRFLOW_CTX_TRY_NUMBER='1' AIRFLOW_CTX_DAG_RUN_ID='manual__2025-04-13T06:51:32+00:00'
[2025-04-13T06:51:34.317+0000] {docker.py:333} INFO - Starting docker container from image dbt_***_project-dbt
[2025-04-13T06:51:36.202+0000] {docker.py:402} INFO - [0m06:51:36  Running with dbt=1.8.7
[2025-04-13T06:51:36.594+0000] {docker.py:402} INFO - [0m06:51:36  Registered adapter: sqlserver=1.8.7
[2025-04-13T06:51:36.701+0000] {docker.py:402} INFO - [0m06:51:36  Unable to do partial parsing because saved manifest not found. Starting full parse.
[2025-04-13T06:51:38.315+0000] {docker.py:402} INFO - [0m06:51:38  [[33mWARNING[0m]: Deprecated functionality
The `tests` config has been renamed to `data_tests`. Please see
https://docs.getdbt.com/docs/build/data-tests#new-data_tests-syntax for more
information.
[2025-04-13T06:51:38.456+0000] {docker.py:402} INFO - [0m06:51:38  Encountered an error:
Compilation Error
  Model 'model.dbt_sqlserver_project.stg_example' (models/staging/stg_example.sql) depends on a source named 'raw.example_table' which was not found
[2025-04-13T06:51:39.912+0000] {taskinstance.py:1935} ERROR - Task failed with exception
Traceback (most recent call last):
  File "/home/airflow/.local/lib/python3.9/site-packages/airflow/providers/docker/operators/docker.py", line 476, in execute
    return self._run_image()
  File "/home/airflow/.local/lib/python3.9/site-packages/airflow/providers/docker/operators/docker.py", line 350, in _run_image
    return self._run_image_with_mounts(self.mounts, add_tmp_variable=False)
  File "/home/airflow/.local/lib/python3.9/site-packages/airflow/providers/docker/operators/docker.py", line 411, in _run_image_with_mounts
    raise AirflowException(f"Docker container failed: {result!r} lines {joined_log_lines}")
airflow.exceptions.AirflowException: Docker container failed: {'StatusCode': 2} lines [0m06:51:36  Running with dbt=1.8.7
[0m06:51:36  Registered adapter: sqlserver=1.8.7
[0m06:51:36  Unable to do partial parsing because saved manifest not found. Starting full parse.
[0m06:51:38  [[33mWARNING[0m]: Deprecated functionality
The `tests` config has been renamed to `data_tests`. Please see
https://docs.getdbt.com/docs/build/data-tests#new-data_tests-syntax for more
information.
[0m06:51:38  Encountered an error:
Compilation Error
  Model 'model.dbt_sqlserver_project.stg_example' (models/staging/stg_example.sql) depends on a source named 'raw.example_table' which was not found
[2025-04-13T06:51:39.916+0000] {taskinstance.py:1398} INFO - Marking task as UP_FOR_RETRY. dag_id=dbt_transform, task_id=dbt_run, execution_date=20250413T065132, start_date=20250413T065134, end_date=20250413T065139
[2025-04-13T06:51:39.931+0000] {standard_task_runner.py:104} ERROR - Failed to execute job 11 for task dbt_run (Docker container failed: {'StatusCode': 2} lines [0m06:51:36  Running with dbt=1.8.7
[0m06:51:36  Registered adapter: sqlserver=1.8.7
[0m06:51:36  Unable to do partial parsing because saved manifest not found. Starting full parse.
[0m06:51:38  [[33mWARNING[0m]: Deprecated functionality
The `tests` config has been renamed to `data_tests`. Please see
https://docs.getdbt.com/docs/build/data-tests#new-data_tests-syntax for more
information.
[0m06:51:38  Encountered an error:
Compilation Error
  Model 'model.dbt_sqlserver_project.stg_example' (models/staging/stg_example.sql) depends on a source named 'raw.example_table' which was not found; 174)
[2025-04-13T06:51:39.965+0000] {local_task_job_runner.py:228} INFO - Task exited with return code 1
[2025-04-13T06:51:39.984+0000] {taskinstance.py:2776} INFO - 0 downstream tasks scheduled from follow-on schedule check
