[2025-04-13T06:48:15.786+0000] {taskinstance.py:1157} INFO - Dependencies all met for dep_context=non-requeueable deps ti=<TaskInstance: dbt_transform.dbt_run manual__2025-04-13T06:48:13+00:00 [queued]>
[2025-04-13T06:48:15.793+0000] {taskinstance.py:1157} INFO - Dependencies all met for dep_context=requeueable deps ti=<TaskInstance: dbt_transform.dbt_run manual__2025-04-13T06:48:13+00:00 [queued]>
[2025-04-13T06:48:15.794+0000] {taskinstance.py:1359} INFO - Starting attempt 1 of 2
[2025-04-13T06:48:15.806+0000] {taskinstance.py:1380} INFO - Executing <Task(DockerOperator): dbt_run> on 2025-04-13 06:48:13+00:00
[2025-04-13T06:48:15.812+0000] {standard_task_runner.py:57} INFO - Started process 174 to run task
[2025-04-13T06:48:15.816+0000] {standard_task_runner.py:84} INFO - Running: ['***', 'tasks', 'run', 'dbt_transform', 'dbt_run', 'manual__2025-04-13T06:48:13+00:00', '--job-id', '7', '--raw', '--subdir', 'DAGS_FOLDER/dbt_dag.py', '--cfg-path', '/tmp/tmpealxzg1a']
[2025-04-13T06:48:15.820+0000] {standard_task_runner.py:85} INFO - Job 7: Subtask dbt_run
[2025-04-13T06:48:15.872+0000] {task_command.py:415} INFO - Running <TaskInstance: dbt_transform.dbt_run manual__2025-04-13T06:48:13+00:00 [running]> on host 607c611b9f7e
[2025-04-13T06:48:15.966+0000] {taskinstance.py:1660} INFO - Exporting env vars: AIRFLOW_CTX_DAG_OWNER='***' AIRFLOW_CTX_DAG_ID='dbt_transform' AIRFLOW_CTX_TASK_ID='dbt_run' AIRFLOW_CTX_EXECUTION_DATE='2025-04-13T06:48:13+00:00' AIRFLOW_CTX_TRY_NUMBER='1' AIRFLOW_CTX_DAG_RUN_ID='manual__2025-04-13T06:48:13+00:00'
[2025-04-13T06:48:15.992+0000] {docker.py:333} INFO - Starting docker container from image dbt_***_project-dbt
[2025-04-13T06:48:16.003+0000] {docker.py:341} WARNING - Using remote engine or docker-in-docker and mounting temporary volume from host is not supported. Falling back to `mount_tmp_dir=False` mode. You can set `mount_tmp_dir` parameter to False to disable mounting and remove the warning
[2025-04-13T06:48:18.223+0000] {docker.py:402} INFO - [0m06:48:18  Running with dbt=1.8.7
[2025-04-13T06:48:18.657+0000] {docker.py:402} INFO - [0m06:48:18  Registered adapter: sqlserver=1.8.7
[2025-04-13T06:48:18.757+0000] {docker.py:402} INFO - [0m06:48:18  Unable to do partial parsing because saved manifest not found. Starting full parse.
[2025-04-13T06:48:20.549+0000] {docker.py:402} INFO - [0m06:48:20  [[33mWARNING[0m]: Deprecated functionality
The `tests` config has been renamed to `data_tests`. Please see
https://docs.getdbt.com/docs/build/data-tests#new-data_tests-syntax for more
information.
[2025-04-13T06:48:20.710+0000] {docker.py:402} INFO - [0m06:48:20  Encountered an error:
Compilation Error
  Model 'model.dbt_sqlserver_project.stg_example' (models/staging/stg_example.sql) depends on a source named 'raw.example_table' which was not found
[2025-04-13T06:48:22.313+0000] {taskinstance.py:1935} ERROR - Task failed with exception
Traceback (most recent call last):
  File "/home/airflow/.local/lib/python3.9/site-packages/docker/api/client.py", line 268, in _raise_for_status
    response.raise_for_status()
  File "/home/airflow/.local/lib/python3.9/site-packages/requests/models.py", line 1021, in raise_for_status
    raise HTTPError(http_error_msg, response=self)
requests.exceptions.HTTPError: 400 Client Error: Bad Request for url: http+docker://localhost/v1.48/containers/create

The above exception was the direct cause of the following exception:

Traceback (most recent call last):
  File "/home/airflow/.local/lib/python3.9/site-packages/airflow/providers/docker/operators/docker.py", line 338, in _run_image
    return self._run_image_with_mounts(self.mounts + [tmp_mount], add_tmp_variable=True)
  File "/home/airflow/.local/lib/python3.9/site-packages/airflow/providers/docker/operators/docker.py", line 365, in _run_image_with_mounts
    self.container = self.cli.create_container(
  File "/home/airflow/.local/lib/python3.9/site-packages/docker/api/container.py", line 431, in create_container
    return self.create_container_from_config(config, name, platform)
  File "/home/airflow/.local/lib/python3.9/site-packages/docker/api/container.py", line 448, in create_container_from_config
    return self._result(res, True)
  File "/home/airflow/.local/lib/python3.9/site-packages/docker/api/client.py", line 274, in _result
    self._raise_for_status(response)
  File "/home/airflow/.local/lib/python3.9/site-packages/docker/api/client.py", line 270, in _raise_for_status
    raise create_api_error_from_http_exception(e) from e
  File "/home/airflow/.local/lib/python3.9/site-packages/docker/errors.py", line 39, in create_api_error_from_http_exception
    raise cls(e, response=response, explanation=explanation) from e
docker.errors.APIError: 400 Client Error for http+docker://localhost/v1.48/containers/create: Bad Request ("invalid mount config for type "bind": bind source path does not exist: /tmp/airflowtmpeokhqgck")

During handling of the above exception, another exception occurred:

Traceback (most recent call last):
  File "/home/airflow/.local/lib/python3.9/site-packages/airflow/providers/docker/operators/docker.py", line 476, in execute
    return self._run_image()
  File "/home/airflow/.local/lib/python3.9/site-packages/airflow/providers/docker/operators/docker.py", line 347, in _run_image
    return self._run_image_with_mounts(self.mounts, add_tmp_variable=False)
  File "/home/airflow/.local/lib/python3.9/site-packages/airflow/providers/docker/operators/docker.py", line 411, in _run_image_with_mounts
    raise AirflowException(f"Docker container failed: {result!r} lines {joined_log_lines}")
airflow.exceptions.AirflowException: Docker container failed: {'StatusCode': 2} lines [0m06:48:18  Running with dbt=1.8.7
[0m06:48:18  Registered adapter: sqlserver=1.8.7
[0m06:48:18  Unable to do partial parsing because saved manifest not found. Starting full parse.
[0m06:48:20  [[33mWARNING[0m]: Deprecated functionality
The `tests` config has been renamed to `data_tests`. Please see
https://docs.getdbt.com/docs/build/data-tests#new-data_tests-syntax for more
information.
[0m06:48:20  Encountered an error:
Compilation Error
  Model 'model.dbt_sqlserver_project.stg_example' (models/staging/stg_example.sql) depends on a source named 'raw.example_table' which was not found
[2025-04-13T06:48:22.323+0000] {taskinstance.py:1398} INFO - Marking task as UP_FOR_RETRY. dag_id=dbt_transform, task_id=dbt_run, execution_date=20250413T064813, start_date=20250413T064815, end_date=20250413T064822
[2025-04-13T06:48:22.336+0000] {standard_task_runner.py:104} ERROR - Failed to execute job 7 for task dbt_run (Docker container failed: {'StatusCode': 2} lines [0m06:48:18  Running with dbt=1.8.7
[0m06:48:18  Registered adapter: sqlserver=1.8.7
[0m06:48:18  Unable to do partial parsing because saved manifest not found. Starting full parse.
[0m06:48:20  [[33mWARNING[0m]: Deprecated functionality
The `tests` config has been renamed to `data_tests`. Please see
https://docs.getdbt.com/docs/build/data-tests#new-data_tests-syntax for more
information.
[0m06:48:20  Encountered an error:
Compilation Error
  Model 'model.dbt_sqlserver_project.stg_example' (models/staging/stg_example.sql) depends on a source named 'raw.example_table' which was not found; 174)
[2025-04-13T06:48:22.358+0000] {local_task_job_runner.py:228} INFO - Task exited with return code 1
[2025-04-13T06:48:22.380+0000] {taskinstance.py:2776} INFO - 0 downstream tasks scheduled from follow-on schedule check
