[2025-04-13T06:53:24.038+0000] {taskinstance.py:1157} INFO - Dependencies all met for dep_context=non-requeueable deps ti=<TaskInstance: dbt_transform.dbt_run manual__2025-04-13T06:48:13+00:00 [queued]>
[2025-04-13T06:53:24.045+0000] {taskinstance.py:1157} INFO - Dependencies all met for dep_context=requeueable deps ti=<TaskInstance: dbt_transform.dbt_run manual__2025-04-13T06:48:13+00:00 [queued]>
[2025-04-13T06:53:24.046+0000] {taskinstance.py:1359} INFO - Starting attempt 2 of 2
[2025-04-13T06:53:24.058+0000] {taskinstance.py:1380} INFO - Executing <Task(DockerOperator): dbt_run> on 2025-04-13 06:48:13+00:00
[2025-04-13T06:53:24.062+0000] {standard_task_runner.py:57} INFO - Started process 177 to run task
[2025-04-13T06:53:24.066+0000] {standard_task_runner.py:84} INFO - Running: ['***', 'tasks', 'run', 'dbt_transform', 'dbt_run', 'manual__2025-04-13T06:48:13+00:00', '--job-id', '14', '--raw', '--subdir', 'DAGS_FOLDER/dbt_dag.py', '--cfg-path', '/tmp/tmph5v6csmd']
[2025-04-13T06:53:24.069+0000] {standard_task_runner.py:85} INFO - Job 14: Subtask dbt_run
[2025-04-13T06:53:24.116+0000] {task_command.py:415} INFO - Running <TaskInstance: dbt_transform.dbt_run manual__2025-04-13T06:48:13+00:00 [running]> on host 607c611b9f7e
[2025-04-13T06:53:24.180+0000] {taskinstance.py:1660} INFO - Exporting env vars: AIRFLOW_CTX_DAG_OWNER='***' AIRFLOW_CTX_DAG_ID='dbt_transform' AIRFLOW_CTX_TASK_ID='dbt_run' AIRFLOW_CTX_EXECUTION_DATE='2025-04-13T06:48:13+00:00' AIRFLOW_CTX_TRY_NUMBER='2' AIRFLOW_CTX_DAG_RUN_ID='manual__2025-04-13T06:48:13+00:00'
[2025-04-13T06:53:24.203+0000] {docker.py:333} INFO - Starting docker container from image dbt_***_project-dbt
[2025-04-13T06:53:25.950+0000] {docker.py:402} INFO - [0m06:53:25  Running with dbt=1.8.7
[2025-04-13T06:53:26.316+0000] {docker.py:402} INFO - [0m06:53:26  Registered adapter: sqlserver=1.8.7
[2025-04-13T06:53:28.983+0000] {docker.py:402} INFO - [0m06:53:28  [[33mWARNING[0m]: Configuration paths exist in your dbt_project.yml file which do not apply to any resources.
There are 2 unused configuration paths:
- models.dbt_sqlserver_project.intermediate
- models.dbt_sqlserver_project.marts
[2025-04-13T06:53:29.237+0000] {docker.py:402} INFO - [0m06:53:29  Found 2 models, 2 data tests, 1 source, 500 macros
[2025-04-13T06:53:29.240+0000] {docker.py:402} INFO - [0m06:53:29
[2025-04-13T06:53:29.326+0000] {docker.py:402} INFO - [0m06:53:29  Concurrency: 1 threads (target='dev')
[2025-04-13T06:53:29.327+0000] {docker.py:402} INFO - [0m06:53:29
[2025-04-13T06:53:29.336+0000] {docker.py:402} INFO - [0m06:53:29  1 of 2 START sql view model dbo.stg_customers .................................. [RUN]
[2025-04-13T06:53:29.419+0000] {docker.py:402} INFO - [0m06:53:29  [31mUnhandled error while executing target/run/dbt_sqlserver_project/models/staging/stg_customers.sql[0m
('42S02', "[42S02] [Microsoft][ODBC Driver 17 for SQL Server][SQL Server]Invalid object name 'AdventureWorks2014.dbo.Customer'. (208) (SQLMoreResults)")
[2025-04-13T06:53:29.424+0000] {docker.py:402} INFO - [0m06:53:29  1 of 2 ERROR creating sql view model dbo.stg_customers ......................... [[31mERROR[0m in 0.09s]
[2025-04-13T06:53:29.427+0000] {docker.py:402} INFO - [0m06:53:29  2 of 2 START sql view model dbo.stg_example .................................... [RUN]
[2025-04-13T06:53:29.467+0000] {docker.py:402} INFO - [0m06:53:29  [31mUnhandled error while executing target/run/dbt_sqlserver_project/models/staging/stg_example.sql[0m
('42S02', "[42S02] [Microsoft][ODBC Driver 17 for SQL Server][SQL Server]Invalid object name 'AdventureWorks2014.dbo.Customer'. (208) (SQLMoreResults)")
[2025-04-13T06:53:29.469+0000] {docker.py:402} INFO - [0m06:53:29  2 of 2 ERROR creating sql view model dbo.stg_example ........................... [[31mERROR[0m in 0.04s]
[2025-04-13T06:53:29.474+0000] {docker.py:402} INFO - [0m06:53:29
[2025-04-13T06:53:29.475+0000] {docker.py:402} INFO - [0m06:53:29  Finished running 2 view models in 0 hours 0 minutes and 0.23 seconds (0.23s).
[2025-04-13T06:53:29.528+0000] {docker.py:402} INFO - [0m06:53:29
[2025-04-13T06:53:29.529+0000] {docker.py:402} INFO - [0m06:53:29  [31mCompleted with 2 errors and 0 warnings:[0m
[2025-04-13T06:53:29.530+0000] {docker.py:402} INFO - [0m06:53:29
[2025-04-13T06:53:29.531+0000] {docker.py:402} INFO - [0m06:53:29    ('42S02', "[42S02] [Microsoft][ODBC Driver 17 for SQL Server][SQL Server]Invalid object name 'AdventureWorks2014.dbo.Customer'. (208) (SQLMoreResults)")
[2025-04-13T06:53:29.532+0000] {docker.py:402} INFO - [0m06:53:29
[2025-04-13T06:53:29.533+0000] {docker.py:402} INFO - [0m06:53:29    ('42S02', "[42S02] [Microsoft][ODBC Driver 17 for SQL Server][SQL Server]Invalid object name 'AdventureWorks2014.dbo.Customer'. (208) (SQLMoreResults)")
[2025-04-13T06:53:29.534+0000] {docker.py:402} INFO - [0m06:53:29
[2025-04-13T06:53:29.534+0000] {docker.py:402} INFO - [0m06:53:29  Done. PASS=0 WARN=0 ERROR=2 SKIP=0 TOTAL=2
[2025-04-13T06:53:31.117+0000] {taskinstance.py:1935} ERROR - Task failed with exception
Traceback (most recent call last):
  File "/home/airflow/.local/lib/python3.9/site-packages/airflow/providers/docker/operators/docker.py", line 476, in execute
    return self._run_image()
  File "/home/airflow/.local/lib/python3.9/site-packages/airflow/providers/docker/operators/docker.py", line 350, in _run_image
    return self._run_image_with_mounts(self.mounts, add_tmp_variable=False)
  File "/home/airflow/.local/lib/python3.9/site-packages/airflow/providers/docker/operators/docker.py", line 411, in _run_image_with_mounts
    raise AirflowException(f"Docker container failed: {result!r} lines {joined_log_lines}")
airflow.exceptions.AirflowException: Docker container failed: {'StatusCode': 1} lines [0m06:53:25  Running with dbt=1.8.7
[0m06:53:26  Registered adapter: sqlserver=1.8.7
[0m06:53:28  [[33mWARNING[0m]: Configuration paths exist in your dbt_project.yml file which do not apply to any resources.
There are 2 unused configuration paths:
- models.dbt_sqlserver_project.intermediate
- models.dbt_sqlserver_project.marts
[0m06:53:29  Found 2 models, 2 data tests, 1 source, 500 macros
[0m06:53:29
[0m06:53:29  Concurrency: 1 threads (target='dev')
[0m06:53:29
[0m06:53:29  1 of 2 START sql view model dbo.stg_customers .................................. [RUN]
[0m06:53:29  [31mUnhandled error while executing target/run/dbt_sqlserver_project/models/staging/stg_customers.sql[0m
('42S02', "[42S02] [Microsoft][ODBC Driver 17 for SQL Server][SQL Server]Invalid object name 'AdventureWorks2014.dbo.Customer'. (208) (SQLMoreResults)")
[0m06:53:29  1 of 2 ERROR creating sql view model dbo.stg_customers ......................... [[31mERROR[0m in 0.09s]
[0m06:53:29  2 of 2 START sql view model dbo.stg_example .................................... [RUN]
[0m06:53:29  [31mUnhandled error while executing target/run/dbt_sqlserver_project/models/staging/stg_example.sql[0m
('42S02', "[42S02] [Microsoft][ODBC Driver 17 for SQL Server][SQL Server]Invalid object name 'AdventureWorks2014.dbo.Customer'. (208) (SQLMoreResults)")
[0m06:53:29  2 of 2 ERROR creating sql view model dbo.stg_example ........................... [[31mERROR[0m in 0.04s]
[0m06:53:29
[0m06:53:29  Finished running 2 view models in 0 hours 0 minutes and 0.23 seconds (0.23s).
[0m06:53:29
[0m06:53:29  [31mCompleted with 2 errors and 0 warnings:[0m
[0m06:53:29
[0m06:53:29    ('42S02', "[42S02] [Microsoft][ODBC Driver 17 for SQL Server][SQL Server]Invalid object name 'AdventureWorks2014.dbo.Customer'. (208) (SQLMoreResults)")
[0m06:53:29
[0m06:53:29    ('42S02', "[42S02] [Microsoft][ODBC Driver 17 for SQL Server][SQL Server]Invalid object name 'AdventureWorks2014.dbo.Customer'. (208) (SQLMoreResults)")
[0m06:53:29
[0m06:53:29  Done. PASS=0 WARN=0 ERROR=2 SKIP=0 TOTAL=2
[2025-04-13T06:53:31.121+0000] {taskinstance.py:1398} INFO - Marking task as FAILED. dag_id=dbt_transform, task_id=dbt_run, execution_date=20250413T064813, start_date=20250413T065324, end_date=20250413T065331
[2025-04-13T06:53:31.132+0000] {standard_task_runner.py:104} ERROR - Failed to execute job 14 for task dbt_run (Docker container failed: {'StatusCode': 1} lines [0m06:53:25  Running with dbt=1.8.7
[0m06:53:26  Registered adapter: sqlserver=1.8.7
[0m06:53:28  [[33mWARNING[0m]: Configuration paths exist in your dbt_project.yml file which do not apply to any resources.
There are 2 unused configuration paths:
- models.dbt_sqlserver_project.intermediate
- models.dbt_sqlserver_project.marts
[0m06:53:29  Found 2 models, 2 data tests, 1 source, 500 macros
[0m06:53:29
[0m06:53:29  Concurrency: 1 threads (target='dev')
[0m06:53:29
[0m06:53:29  1 of 2 START sql view model dbo.stg_customers .................................. [RUN]
[0m06:53:29  [31mUnhandled error while executing target/run/dbt_sqlserver_project/models/staging/stg_customers.sql[0m
('42S02', "[42S02] [Microsoft][ODBC Driver 17 for SQL Server][SQL Server]Invalid object name 'AdventureWorks2014.dbo.Customer'. (208) (SQLMoreResults)")
[0m06:53:29  1 of 2 ERROR creating sql view model dbo.stg_customers ......................... [[31mERROR[0m in 0.09s]
[0m06:53:29  2 of 2 START sql view model dbo.stg_example .................................... [RUN]
[0m06:53:29  [31mUnhandled error while executing target/run/dbt_sqlserver_project/models/staging/stg_example.sql[0m
('42S02', "[42S02] [Microsoft][ODBC Driver 17 for SQL Server][SQL Server]Invalid object name 'AdventureWorks2014.dbo.Customer'. (208) (SQLMoreResults)")
[0m06:53:29  2 of 2 ERROR creating sql view model dbo.stg_example ........................... [[31mERROR[0m in 0.04s]
[0m06:53:29
[0m06:53:29  Finished running 2 view models in 0 hours 0 minutes and 0.23 seconds (0.23s).
[0m06:53:29
[0m06:53:29  [31mCompleted with 2 errors and 0 warnings:[0m
[0m06:53:29
[0m06:53:29    ('42S02', "[42S02] [Microsoft][ODBC Driver 17 for SQL Server][SQL Server]Invalid object name 'AdventureWorks2014.dbo.Customer'. (208) (SQLMoreResults)")
[0m06:53:29
[0m06:53:29    ('42S02', "[42S02] [Microsoft][ODBC Driver 17 for SQL Server][SQL Server]Invalid object name 'AdventureWorks2014.dbo.Customer'. (208) (SQLMoreResults)")
[0m06:53:29
[0m06:53:29  Done. PASS=0 WARN=0 ERROR=2 SKIP=0 TOTAL=2; 177)
[2025-04-13T06:53:31.140+0000] {local_task_job_runner.py:228} INFO - Task exited with return code 1
[2025-04-13T06:53:31.165+0000] {taskinstance.py:2776} INFO - 0 downstream tasks scheduled from follow-on schedule check
