[2025-04-13T07:24:17.672+0000] {taskinstance.py:1157} INFO - Dependencies all met for dep_context=non-requeueable deps ti=<TaskInstance: dbt_transform.dbt_test manual__2025-04-13T07:19:03+00:00 [queued]>
[2025-04-13T07:24:17.680+0000] {taskinstance.py:1157} INFO - Dependencies all met for dep_context=requeueable deps ti=<TaskInstance: dbt_transform.dbt_test manual__2025-04-13T07:19:03+00:00 [queued]>
[2025-04-13T07:24:17.681+0000] {taskinstance.py:1359} INFO - Starting attempt 2 of 2
[2025-04-13T07:24:17.694+0000] {taskinstance.py:1380} INFO - Executing <Task(DockerOperator): dbt_test> on 2025-04-13 07:19:03+00:00
[2025-04-13T07:24:17.698+0000] {standard_task_runner.py:57} INFO - Started process 193 to run task
[2025-04-13T07:24:17.701+0000] {standard_task_runner.py:84} INFO - Running: ['***', 'tasks', 'run', 'dbt_transform', 'dbt_test', 'manual__2025-04-13T07:19:03+00:00', '--job-id', '31', '--raw', '--subdir', 'DAGS_FOLDER/dbt_dag.py', '--cfg-path', '/tmp/tmpwqr4x03n']
[2025-04-13T07:24:17.705+0000] {standard_task_runner.py:85} INFO - Job 31: Subtask dbt_test
[2025-04-13T07:24:17.752+0000] {task_command.py:415} INFO - Running <TaskInstance: dbt_transform.dbt_test manual__2025-04-13T07:19:03+00:00 [running]> on host db6917ed49e2
[2025-04-13T07:24:17.817+0000] {taskinstance.py:1660} INFO - Exporting env vars: AIRFLOW_CTX_DAG_OWNER='***' AIRFLOW_CTX_DAG_ID='dbt_transform' AIRFLOW_CTX_TASK_ID='dbt_test' AIRFLOW_CTX_EXECUTION_DATE='2025-04-13T07:19:03+00:00' AIRFLOW_CTX_TRY_NUMBER='2' AIRFLOW_CTX_DAG_RUN_ID='manual__2025-04-13T07:19:03+00:00'
[2025-04-13T07:24:17.842+0000] {docker.py:333} INFO - Starting docker container from image dbt_***_project-dbt
[2025-04-13T07:24:19.679+0000] {docker.py:402} INFO - [0m07:24:19  Running with dbt=1.8.7
[2025-04-13T07:24:20.033+0000] {docker.py:402} INFO - [0m07:24:20  Registered adapter: sqlserver=1.8.7
[2025-04-13T07:24:20.441+0000] {docker.py:402} INFO - [0m07:24:20  [[33mWARNING[0m]: Configuration paths exist in your dbt_project.yml file which do not apply to any resources.
There are 2 unused configuration paths:
- models.dbt_sqlserver_project.intermediate
- models.dbt_sqlserver_project.marts
[2025-04-13T07:24:20.727+0000] {docker.py:402} INFO - [0m07:24:20  Found 4 models, 3 data tests, 13 sources, 500 macros
[2025-04-13T07:24:20.731+0000] {docker.py:402} INFO - [0m07:24:20
[2025-04-13T07:24:20.831+0000] {docker.py:402} INFO - [0m07:24:20  Concurrency: 4 threads (target='dev')
[2025-04-13T07:24:20.832+0000] {docker.py:402} INFO - [0m07:24:20
[2025-04-13T07:24:20.845+0000] {docker.py:402} INFO - [0m07:24:20  1 of 3 START test dbt_utils_unique_combination_of_columns_stg_sales_orders_sales_order_id__order_detail_id  [RUN]
[2025-04-13T07:24:20.846+0000] {docker.py:402} INFO - [0m07:24:20  2 of 3 START test not_null_stg_sales_orders_order_detail_id .................... [RUN]
[2025-04-13T07:24:20.847+0000] {docker.py:402} INFO - [0m07:24:20  3 of 3 START test not_null_stg_sales_orders_sales_order_id ..................... [RUN]
[2025-04-13T07:24:20.888+0000] {docker.py:402} INFO - [0m07:24:20  1 of 3 ERROR dbt_utils_unique_combination_of_columns_stg_sales_orders_sales_order_id__order_detail_id  [[31mERROR[0m in 0.04s]
[2025-04-13T07:24:20.987+0000] {docker.py:402} INFO - [0m07:24:20  3 of 3 PASS not_null_stg_sales_orders_sales_order_id ........................... [[32mPASS[0m in 0.14s]
[2025-04-13T07:24:21.021+0000] {docker.py:402} INFO - [0m07:24:21  2 of 3 PASS not_null_stg_sales_orders_order_detail_id .......................... [[32mPASS[0m in 0.17s]
[2025-04-13T07:24:21.028+0000] {docker.py:402} INFO - [0m07:24:21
[2025-04-13T07:24:21.028+0000] {docker.py:402} INFO - [0m07:24:21  Finished running 3 data tests in 0 hours 0 minutes and 0.30 seconds (0.30s).
[2025-04-13T07:24:21.089+0000] {docker.py:402} INFO - [0m07:24:21
[2025-04-13T07:24:21.090+0000] {docker.py:402} INFO - [0m07:24:21  [31mCompleted with 1 error and 0 warnings:[0m
[2025-04-13T07:24:21.091+0000] {docker.py:402} INFO - [0m07:24:21
[2025-04-13T07:24:21.092+0000] {docker.py:402} INFO - [0m07:24:21    Compilation Error in test dbt_utils_unique_combination_of_columns_stg_sales_orders_sales_order_id__order_detail_id (models/staging/schema.yml)
  'dbt_utils' is undefined. This can happen when calling a macro that does not exist. Check for typos and/or install package dependencies with "dbt deps".
[2025-04-13T07:24:21.093+0000] {docker.py:402} INFO - [0m07:24:21
[2025-04-13T07:24:21.094+0000] {docker.py:402} INFO - [0m07:24:21  Done. PASS=2 WARN=0 ERROR=1 SKIP=0 TOTAL=3
[2025-04-13T07:24:22.840+0000] {taskinstance.py:1935} ERROR - Task failed with exception
Traceback (most recent call last):
  File "/home/airflow/.local/lib/python3.9/site-packages/airflow/providers/docker/operators/docker.py", line 476, in execute
    return self._run_image()
  File "/home/airflow/.local/lib/python3.9/site-packages/airflow/providers/docker/operators/docker.py", line 350, in _run_image
    return self._run_image_with_mounts(self.mounts, add_tmp_variable=False)
  File "/home/airflow/.local/lib/python3.9/site-packages/airflow/providers/docker/operators/docker.py", line 411, in _run_image_with_mounts
    raise AirflowException(f"Docker container failed: {result!r} lines {joined_log_lines}")
airflow.exceptions.AirflowException: Docker container failed: {'StatusCode': 1} lines [0m07:24:19  Running with dbt=1.8.7
[0m07:24:20  Registered adapter: sqlserver=1.8.7
[0m07:24:20  [[33mWARNING[0m]: Configuration paths exist in your dbt_project.yml file which do not apply to any resources.
There are 2 unused configuration paths:
- models.dbt_sqlserver_project.intermediate
- models.dbt_sqlserver_project.marts
[0m07:24:20  Found 4 models, 3 data tests, 13 sources, 500 macros
[0m07:24:20
[0m07:24:20  Concurrency: 4 threads (target='dev')
[0m07:24:20
[0m07:24:20  1 of 3 START test dbt_utils_unique_combination_of_columns_stg_sales_orders_sales_order_id__order_detail_id  [RUN]
[0m07:24:20  2 of 3 START test not_null_stg_sales_orders_order_detail_id .................... [RUN]
[0m07:24:20  3 of 3 START test not_null_stg_sales_orders_sales_order_id ..................... [RUN]
[0m07:24:20  1 of 3 ERROR dbt_utils_unique_combination_of_columns_stg_sales_orders_sales_order_id__order_detail_id  [[31mERROR[0m in 0.04s]
[0m07:24:20  3 of 3 PASS not_null_stg_sales_orders_sales_order_id ........................... [[32mPASS[0m in 0.14s]
[0m07:24:21  2 of 3 PASS not_null_stg_sales_orders_order_detail_id .......................... [[32mPASS[0m in 0.17s]
[0m07:24:21
[0m07:24:21  Finished running 3 data tests in 0 hours 0 minutes and 0.30 seconds (0.30s).
[0m07:24:21
[0m07:24:21  [31mCompleted with 1 error and 0 warnings:[0m
[0m07:24:21
[0m07:24:21    Compilation Error in test dbt_utils_unique_combination_of_columns_stg_sales_orders_sales_order_id__order_detail_id (models/staging/schema.yml)
  'dbt_utils' is undefined. This can happen when calling a macro that does not exist. Check for typos and/or install package dependencies with "dbt deps".
[0m07:24:21
[0m07:24:21  Done. PASS=2 WARN=0 ERROR=1 SKIP=0 TOTAL=3
[2025-04-13T07:24:22.843+0000] {taskinstance.py:1398} INFO - Marking task as FAILED. dag_id=dbt_transform, task_id=dbt_test, execution_date=20250413T071903, start_date=20250413T072417, end_date=20250413T072422
[2025-04-13T07:24:22.854+0000] {standard_task_runner.py:104} ERROR - Failed to execute job 31 for task dbt_test (Docker container failed: {'StatusCode': 1} lines [0m07:24:19  Running with dbt=1.8.7
[0m07:24:20  Registered adapter: sqlserver=1.8.7
[0m07:24:20  [[33mWARNING[0m]: Configuration paths exist in your dbt_project.yml file which do not apply to any resources.
There are 2 unused configuration paths:
- models.dbt_sqlserver_project.intermediate
- models.dbt_sqlserver_project.marts
[0m07:24:20  Found 4 models, 3 data tests, 13 sources, 500 macros
[0m07:24:20
[0m07:24:20  Concurrency: 4 threads (target='dev')
[0m07:24:20
[0m07:24:20  1 of 3 START test dbt_utils_unique_combination_of_columns_stg_sales_orders_sales_order_id__order_detail_id  [RUN]
[0m07:24:20  2 of 3 START test not_null_stg_sales_orders_order_detail_id .................... [RUN]
[0m07:24:20  3 of 3 START test not_null_stg_sales_orders_sales_order_id ..................... [RUN]
[0m07:24:20  1 of 3 ERROR dbt_utils_unique_combination_of_columns_stg_sales_orders_sales_order_id__order_detail_id  [[31mERROR[0m in 0.04s]
[0m07:24:20  3 of 3 PASS not_null_stg_sales_orders_sales_order_id ........................... [[32mPASS[0m in 0.14s]
[0m07:24:21  2 of 3 PASS not_null_stg_sales_orders_order_detail_id .......................... [[32mPASS[0m in 0.17s]
[0m07:24:21
[0m07:24:21  Finished running 3 data tests in 0 hours 0 minutes and 0.30 seconds (0.30s).
[0m07:24:21
[0m07:24:21  [31mCompleted with 1 error and 0 warnings:[0m
[0m07:24:21
[0m07:24:21    Compilation Error in test dbt_utils_unique_combination_of_columns_stg_sales_orders_sales_order_id__order_detail_id (models/staging/schema.yml)
  'dbt_utils' is undefined. This can happen when calling a macro that does not exist. Check for typos and/or install package dependencies with "dbt deps".
[0m07:24:21
[0m07:24:21  Done. PASS=2 WARN=0 ERROR=1 SKIP=0 TOTAL=3; 193)
[2025-04-13T07:24:22.897+0000] {local_task_job_runner.py:228} INFO - Task exited with return code 1
[2025-04-13T07:24:22.913+0000] {taskinstance.py:2776} INFO - 0 downstream tasks scheduled from follow-on schedule check
