[2025-04-13T07:19:10.898+0000] {taskinstance.py:1157} INFO - Dependencies all met for dep_context=non-requeueable deps ti=<TaskInstance: dbt_transform.dbt_test manual__2025-04-13T07:19:03+00:00 [queued]>
[2025-04-13T07:19:10.906+0000] {taskinstance.py:1157} INFO - Dependencies all met for dep_context=requeueable deps ti=<TaskInstance: dbt_transform.dbt_test manual__2025-04-13T07:19:03+00:00 [queued]>
[2025-04-13T07:19:10.907+0000] {taskinstance.py:1359} INFO - Starting attempt 1 of 2
[2025-04-13T07:19:10.921+0000] {taskinstance.py:1380} INFO - Executing <Task(DockerOperator): dbt_test> on 2025-04-13 07:19:03+00:00
[2025-04-13T07:19:10.925+0000] {standard_task_runner.py:57} INFO - Started process 181 to run task
[2025-04-13T07:19:10.928+0000] {standard_task_runner.py:84} INFO - Running: ['***', 'tasks', 'run', 'dbt_transform', 'dbt_test', 'manual__2025-04-13T07:19:03+00:00', '--job-id', '25', '--raw', '--subdir', 'DAGS_FOLDER/dbt_dag.py', '--cfg-path', '/tmp/tmpspq1gzxx']
[2025-04-13T07:19:10.932+0000] {standard_task_runner.py:85} INFO - Job 25: Subtask dbt_test
[2025-04-13T07:19:10.978+0000] {task_command.py:415} INFO - Running <TaskInstance: dbt_transform.dbt_test manual__2025-04-13T07:19:03+00:00 [running]> on host e17baebbf5c5
[2025-04-13T07:19:11.052+0000] {taskinstance.py:1660} INFO - Exporting env vars: AIRFLOW_CTX_DAG_OWNER='***' AIRFLOW_CTX_DAG_ID='dbt_transform' AIRFLOW_CTX_TASK_ID='dbt_test' AIRFLOW_CTX_EXECUTION_DATE='2025-04-13T07:19:03+00:00' AIRFLOW_CTX_TRY_NUMBER='1' AIRFLOW_CTX_DAG_RUN_ID='manual__2025-04-13T07:19:03+00:00'
[2025-04-13T07:19:11.074+0000] {docker.py:333} INFO - Starting docker container from image dbt_***_project-dbt
[2025-04-13T07:19:12.914+0000] {docker.py:402} INFO - [0m07:19:12  Running with dbt=1.8.7
[2025-04-13T07:19:13.305+0000] {docker.py:402} INFO - [0m07:19:13  Registered adapter: sqlserver=1.8.7
[2025-04-13T07:19:13.846+0000] {docker.py:402} INFO - [0m07:19:13  [[33mWARNING[0m]: Configuration paths exist in your dbt_project.yml file which do not apply to any resources.
There are 2 unused configuration paths:
- models.dbt_sqlserver_project.marts
- models.dbt_sqlserver_project.intermediate
[2025-04-13T07:19:14.152+0000] {docker.py:402} INFO - [0m07:19:14  Found 4 models, 2 data tests, 13 sources, 500 macros
[2025-04-13T07:19:14.157+0000] {docker.py:402} INFO - [0m07:19:14
[2025-04-13T07:19:14.271+0000] {docker.py:402} INFO - [0m07:19:14  Concurrency: 4 threads (target='dev')
[2025-04-13T07:19:14.272+0000] {docker.py:402} INFO - [0m07:19:14
[2025-04-13T07:19:14.284+0000] {docker.py:402} INFO - [0m07:19:14  1 of 2 START test not_null_stg_sales_orders_sales_order_id ..................... [RUN]
[2025-04-13T07:19:14.286+0000] {docker.py:402} INFO - [0m07:19:14  2 of 2 START test unique_stg_sales_orders_sales_order_id ....................... [RUN]
[2025-04-13T07:19:14.428+0000] {docker.py:402} INFO - [0m07:19:14  1 of 2 PASS not_null_stg_sales_orders_sales_order_id ........................... [[32mPASS[0m in 0.14s]
[2025-04-13T07:19:14.469+0000] {docker.py:402} INFO - [0m07:19:14  2 of 2 FAIL 21209 unique_stg_sales_orders_sales_order_id ....................... [[31mFAIL 21209[0m in 0.18s]
[2025-04-13T07:19:14.477+0000] {docker.py:402} INFO - [0m07:19:14
[2025-04-13T07:19:14.478+0000] {docker.py:402} INFO - [0m07:19:14  Finished running 2 data tests in 0 hours 0 minutes and 0.32 seconds (0.32s).
[2025-04-13T07:19:14.541+0000] {docker.py:402} INFO - [0m07:19:14
[2025-04-13T07:19:14.542+0000] {docker.py:402} INFO - [0m07:19:14  [31mCompleted with 1 error and 0 warnings:[0m
[2025-04-13T07:19:14.543+0000] {docker.py:402} INFO - [0m07:19:14
[2025-04-13T07:19:14.544+0000] {docker.py:402} INFO - [0m07:19:14  [31mFailure in test unique_stg_sales_orders_sales_order_id (models/staging/schema.yml)[0m
[2025-04-13T07:19:14.545+0000] {docker.py:402} INFO - [0m07:19:14    Got 21209 results, configured to fail if != 0
[2025-04-13T07:19:14.546+0000] {docker.py:402} INFO - [0m07:19:14
[2025-04-13T07:19:14.548+0000] {docker.py:402} INFO - [0m07:19:14    compiled code at target/compiled/dbt_sqlserver_project/models/staging/schema.yml/unique_stg_sales_orders_sales_order_id.sql
[2025-04-13T07:19:14.549+0000] {docker.py:402} INFO - [0m07:19:14
[2025-04-13T07:19:14.551+0000] {docker.py:402} INFO - [0m07:19:14  Done. PASS=1 WARN=0 ERROR=1 SKIP=0 TOTAL=2
[2025-04-13T07:19:16.205+0000] {taskinstance.py:1935} ERROR - Task failed with exception
Traceback (most recent call last):
  File "/home/airflow/.local/lib/python3.9/site-packages/airflow/providers/docker/operators/docker.py", line 476, in execute
    return self._run_image()
  File "/home/airflow/.local/lib/python3.9/site-packages/airflow/providers/docker/operators/docker.py", line 350, in _run_image
    return self._run_image_with_mounts(self.mounts, add_tmp_variable=False)
  File "/home/airflow/.local/lib/python3.9/site-packages/airflow/providers/docker/operators/docker.py", line 411, in _run_image_with_mounts
    raise AirflowException(f"Docker container failed: {result!r} lines {joined_log_lines}")
airflow.exceptions.AirflowException: Docker container failed: {'StatusCode': 1} lines [0m07:19:12  Running with dbt=1.8.7
[0m07:19:13  Registered adapter: sqlserver=1.8.7
[0m07:19:13  [[33mWARNING[0m]: Configuration paths exist in your dbt_project.yml file which do not apply to any resources.
There are 2 unused configuration paths:
- models.dbt_sqlserver_project.marts
- models.dbt_sqlserver_project.intermediate
[0m07:19:14  Found 4 models, 2 data tests, 13 sources, 500 macros
[0m07:19:14
[0m07:19:14  Concurrency: 4 threads (target='dev')
[0m07:19:14
[0m07:19:14  1 of 2 START test not_null_stg_sales_orders_sales_order_id ..................... [RUN]
[0m07:19:14  2 of 2 START test unique_stg_sales_orders_sales_order_id ....................... [RUN]
[0m07:19:14  1 of 2 PASS not_null_stg_sales_orders_sales_order_id ........................... [[32mPASS[0m in 0.14s]
[0m07:19:14  2 of 2 FAIL 21209 unique_stg_sales_orders_sales_order_id ....................... [[31mFAIL 21209[0m in 0.18s]
[0m07:19:14
[0m07:19:14  Finished running 2 data tests in 0 hours 0 minutes and 0.32 seconds (0.32s).
[0m07:19:14
[0m07:19:14  [31mCompleted with 1 error and 0 warnings:[0m
[0m07:19:14
[0m07:19:14  [31mFailure in test unique_stg_sales_orders_sales_order_id (models/staging/schema.yml)[0m
[0m07:19:14    Got 21209 results, configured to fail if != 0
[0m07:19:14
[0m07:19:14    compiled code at target/compiled/dbt_sqlserver_project/models/staging/schema.yml/unique_stg_sales_orders_sales_order_id.sql
[0m07:19:14
[0m07:19:14  Done. PASS=1 WARN=0 ERROR=1 SKIP=0 TOTAL=2
[2025-04-13T07:19:16.208+0000] {taskinstance.py:1398} INFO - Marking task as UP_FOR_RETRY. dag_id=dbt_transform, task_id=dbt_test, execution_date=20250413T071903, start_date=20250413T071910, end_date=20250413T071916
[2025-04-13T07:19:16.223+0000] {standard_task_runner.py:104} ERROR - Failed to execute job 25 for task dbt_test (Docker container failed: {'StatusCode': 1} lines [0m07:19:12  Running with dbt=1.8.7
[0m07:19:13  Registered adapter: sqlserver=1.8.7
[0m07:19:13  [[33mWARNING[0m]: Configuration paths exist in your dbt_project.yml file which do not apply to any resources.
There are 2 unused configuration paths:
- models.dbt_sqlserver_project.marts
- models.dbt_sqlserver_project.intermediate
[0m07:19:14  Found 4 models, 2 data tests, 13 sources, 500 macros
[0m07:19:14
[0m07:19:14  Concurrency: 4 threads (target='dev')
[0m07:19:14
[0m07:19:14  1 of 2 START test not_null_stg_sales_orders_sales_order_id ..................... [RUN]
[0m07:19:14  2 of 2 START test unique_stg_sales_orders_sales_order_id ....................... [RUN]
[0m07:19:14  1 of 2 PASS not_null_stg_sales_orders_sales_order_id ........................... [[32mPASS[0m in 0.14s]
[0m07:19:14  2 of 2 FAIL 21209 unique_stg_sales_orders_sales_order_id ....................... [[31mFAIL 21209[0m in 0.18s]
[0m07:19:14
[0m07:19:14  Finished running 2 data tests in 0 hours 0 minutes and 0.32 seconds (0.32s).
[0m07:19:14
[0m07:19:14  [31mCompleted with 1 error and 0 warnings:[0m
[0m07:19:14
[0m07:19:14  [31mFailure in test unique_stg_sales_orders_sales_order_id (models/staging/schema.yml)[0m
[0m07:19:14    Got 21209 results, configured to fail if != 0
[0m07:19:14
[0m07:19:14    compiled code at target/compiled/dbt_sqlserver_project/models/staging/schema.yml/unique_stg_sales_orders_sales_order_id.sql
[0m07:19:14
[0m07:19:14  Done. PASS=1 WARN=0 ERROR=1 SKIP=0 TOTAL=2; 181)
[2025-04-13T07:19:16.266+0000] {local_task_job_runner.py:228} INFO - Task exited with return code 1
[2025-04-13T07:19:16.285+0000] {taskinstance.py:2776} INFO - 0 downstream tasks scheduled from follow-on schedule check
